<?xml version="1.0" encoding="UTF-8"?>
<testsuite xmlns:xsi="http://www.w3.org/2001/XMLSchema-instance" xsi:noNamespaceSchemaLocation="https://maven.apache.org/surefire/maven-surefire-plugin/xsd/surefire-test-report.xsd" name="GeneticTests" time="13.978" tests="5" errors="4" skipped="0" failures="0">
  <properties>
    <property name="java.specification.version" value="17"/>
    <property name="sun.jnu.encoding" value="UTF-8"/>
    <property name="java.class.path" value="/Users/dennismaes/Library/Mobile Documents/com~apple~CloudDocs/School/2021-2022/Thesis/applicatie/thesis/target/test-classes:/Users/dennismaes/Library/Mobile Documents/com~apple~CloudDocs/School/2021-2022/Thesis/applicatie/thesis/target/classes:/Users/dennismaes/.m2/repository/org/xerial/sqlite-jdbc/3.36.0/sqlite-jdbc-3.36.0.jar:/Users/dennismaes/.m2/repository/org/javatuples/javatuples/1.2/javatuples-1.2.jar:/Users/dennismaes/.m2/repository/org/junit/jupiter/junit-jupiter/5.8.2/junit-jupiter-5.8.2.jar:/Users/dennismaes/.m2/repository/org/junit/jupiter/junit-jupiter-api/5.8.2/junit-jupiter-api-5.8.2.jar:/Users/dennismaes/.m2/repository/org/opentest4j/opentest4j/1.2.0/opentest4j-1.2.0.jar:/Users/dennismaes/.m2/repository/org/junit/platform/junit-platform-commons/1.8.2/junit-platform-commons-1.8.2.jar:/Users/dennismaes/.m2/repository/org/apiguardian/apiguardian-api/1.1.2/apiguardian-api-1.1.2.jar:/Users/dennismaes/.m2/repository/org/junit/jupiter/junit-jupiter-params/5.8.2/junit-jupiter-params-5.8.2.jar:/Users/dennismaes/.m2/repository/org/junit/jupiter/junit-jupiter-engine/5.8.2/junit-jupiter-engine-5.8.2.jar:/Users/dennismaes/.m2/repository/org/junit/platform/junit-platform-engine/1.8.2/junit-platform-engine-1.8.2.jar:"/>
    <property name="java.vm.vendor" value="Oracle Corporation"/>
    <property name="sun.arch.data.model" value="64"/>
    <property name="java.vendor.url" value="https://java.oracle.com/"/>
    <property name="os.name" value="Mac OS X"/>
    <property name="java.vm.specification.version" value="17"/>
    <property name="sun.java.launcher" value="SUN_STANDARD"/>
    <property name="user.country" value="BE"/>
    <property name="sun.boot.library.path" value="/Users/dennismaes/Library/Java/JavaVirtualMachines/openjdk-17.0.1/Contents/Home/lib"/>
    <property name="sun.java.command" value="/Users/dennismaes/Library/Mobile Documents/com~apple~CloudDocs/School/2021-2022/Thesis/applicatie/thesis/target/surefire/surefirebooter17649533491898090456.jar /Users/dennismaes/Library/Mobile Documents/com~apple~CloudDocs/School/2021-2022/Thesis/applicatie/thesis/target/surefire 2022-02-23T15-51-06_251-jvmRun1 surefire9911309822190671717tmp surefire_011087686067231762604tmp"/>
    <property name="http.nonProxyHosts" value="local|*.local|169.254/16|*.169.254/16"/>
    <property name="jdk.debug" value="release"/>
    <property name="surefire.test.class.path" value="/Users/dennismaes/Library/Mobile Documents/com~apple~CloudDocs/School/2021-2022/Thesis/applicatie/thesis/target/test-classes:/Users/dennismaes/Library/Mobile Documents/com~apple~CloudDocs/School/2021-2022/Thesis/applicatie/thesis/target/classes:/Users/dennismaes/.m2/repository/org/xerial/sqlite-jdbc/3.36.0/sqlite-jdbc-3.36.0.jar:/Users/dennismaes/.m2/repository/org/javatuples/javatuples/1.2/javatuples-1.2.jar:/Users/dennismaes/.m2/repository/org/junit/jupiter/junit-jupiter/5.8.2/junit-jupiter-5.8.2.jar:/Users/dennismaes/.m2/repository/org/junit/jupiter/junit-jupiter-api/5.8.2/junit-jupiter-api-5.8.2.jar:/Users/dennismaes/.m2/repository/org/opentest4j/opentest4j/1.2.0/opentest4j-1.2.0.jar:/Users/dennismaes/.m2/repository/org/junit/platform/junit-platform-commons/1.8.2/junit-platform-commons-1.8.2.jar:/Users/dennismaes/.m2/repository/org/apiguardian/apiguardian-api/1.1.2/apiguardian-api-1.1.2.jar:/Users/dennismaes/.m2/repository/org/junit/jupiter/junit-jupiter-params/5.8.2/junit-jupiter-params-5.8.2.jar:/Users/dennismaes/.m2/repository/org/junit/jupiter/junit-jupiter-engine/5.8.2/junit-jupiter-engine-5.8.2.jar:/Users/dennismaes/.m2/repository/org/junit/platform/junit-platform-engine/1.8.2/junit-platform-engine-1.8.2.jar:"/>
    <property name="sun.cpu.endian" value="little"/>
    <property name="user.home" value="/Users/dennismaes"/>
    <property name="user.language" value="nl"/>
    <property name="java.specification.vendor" value="Oracle Corporation"/>
    <property name="java.version.date" value="2021-10-19"/>
    <property name="java.home" value="/Users/dennismaes/Library/Java/JavaVirtualMachines/openjdk-17.0.1/Contents/Home"/>
    <property name="file.separator" value="/"/>
    <property name="basedir" value="/Users/dennismaes/Library/Mobile Documents/com~apple~CloudDocs/School/2021-2022/Thesis/applicatie/thesis"/>
    <property name="java.vm.compressedOopsMode" value="Zero based"/>
    <property name="line.separator" value="&#10;"/>
    <property name="java.specification.name" value="Java Platform API Specification"/>
    <property name="java.vm.specification.vendor" value="Oracle Corporation"/>
    <property name="surefire.real.class.path" value="/Users/dennismaes/Library/Mobile Documents/com~apple~CloudDocs/School/2021-2022/Thesis/applicatie/thesis/target/surefire/surefirebooter17649533491898090456.jar"/>
    <property name="sun.management.compiler" value="HotSpot 64-Bit Tiered Compilers"/>
    <property name="ftp.nonProxyHosts" value="local|*.local|169.254/16|*.169.254/16"/>
    <property name="java.runtime.version" value="17.0.1+12-39"/>
    <property name="user.name" value="dennismaes"/>
    <property name="path.separator" value=":"/>
    <property name="os.version" value="12.0.1"/>
    <property name="java.runtime.name" value="OpenJDK Runtime Environment"/>
    <property name="file.encoding" value="UTF-8"/>
    <property name="java.vm.name" value="OpenJDK 64-Bit Server VM"/>
    <property name="localRepository" value="/Users/dennismaes/.m2/repository"/>
    <property name="java.vendor.url.bug" value="https://bugreport.java.com/bugreport/"/>
    <property name="java.io.tmpdir" value="/var/folders/5l/s_nz6y0j0rsgr5x2kwfxgbvr0000gn/T/"/>
    <property name="java.version" value="17.0.1"/>
    <property name="user.dir" value="/Users/dennismaes/Library/Mobile Documents/com~apple~CloudDocs/School/2021-2022/Thesis/applicatie/thesis"/>
    <property name="os.arch" value="x86_64"/>
    <property name="java.vm.specification.name" value="Java Virtual Machine Specification"/>
    <property name="native.encoding" value="UTF-8"/>
    <property name="java.library.path" value="/Users/dennismaes/Library/Java/Extensions:/Library/Java/Extensions:/Network/Library/Java/Extensions:/System/Library/Java/Extensions:/usr/lib/java:."/>
    <property name="java.vm.info" value="mixed mode, sharing"/>
    <property name="java.vendor" value="Oracle Corporation"/>
    <property name="java.vm.version" value="17.0.1+12-39"/>
    <property name="sun.io.unicode.encoding" value="UnicodeBig"/>
    <property name="socksNonProxyHosts" value="local|*.local|169.254/16|*.169.254/16"/>
    <property name="java.class.version" value="61.0"/>
  </properties>
  <testcase name="mutationTest1" classname="GeneticTests" time="0.459"/>
  <testcase name="geneticTest" classname="GeneticTests" time="4.047">
    <error message="[SQLITE_BUSY]  The database file is locked (database is locked)" type="org.sqlite.SQLiteException">org.sqlite.SQLiteException: [SQLITE_BUSY]  The database file is locked (database is locked)
	at GeneticTests.geneticTest(GeneticTests.java:56)
</error>
    <system-out><![CDATA[/Users/dennismaes/Library/Mobile Documents/com~apple~CloudDocs/School/2021-2022/Thesis/applicatie/scheduler/backend/demo.db
                    WEEK 0                                                              WEEK 1                                                              WEEK 2                                                              WEEK 3                                                              WEEK 4                                                              WEEK 5                                                              WEEK 6                                                              WEEK 7                                                              WEEK 8                                                              WEEK 9                                                              WEEK 10                                                             WEEK 11                                                             WEEK 12                                                             WEEK 13                                                             WEEK 14                                                             WEEK 15                                                             WEEK 16                                                             WEEK 17                                                             WEEK 18                                                             WEEK 19                                                             WEEK 20                                                             WEEK 21                                                             WEEK 22                                                             WEEK 23                                                             WEEK 24                                                             WEEK 25                                                             
                    Fri      Sat      Sun      Mon      Tue      Wed      Thu           Fri      Sat      Sun      Mon      Tue      Wed      Thu           Fri      Sat      Sun      Mon      Tue      Wed      Thu           Fri      Sat      Sun      Mon      Tue      Wed      Thu           Fri      Sat      Sun      Mon      Tue      Wed      Thu           Fri      Sat      Sun      Mon      Tue      Wed      Thu           Fri      Sat      Sun      Mon      Tue      Wed      Thu           Fri      Sat      Sun      Mon      Tue      Wed      Thu           Fri      Sat      Sun      Mon      Tue      Wed      Thu           Fri      Sat      Sun      Mon      Tue      Wed      Thu           Fri      Sat      Sun      Mon      Tue      Wed      Thu           Fri      Sat      Sun      Mon      Tue      Wed      Thu           Fri      Sat      Sun      Mon      Tue      Wed      Thu           Fri      Sat      Sun      Mon      Tue      Wed      Thu           Fri      Sat      Sun      Mon      Tue      Wed      Thu           Fri      Sat      Sun      Mon      Tue      Wed      Thu           Fri      Sat      Sun      Mon      Tue      Wed      Thu           Fri      Sat      Sun      Mon      Tue      Wed      Thu           Fri      Sat      Sun      Mon      Tue      Wed      Thu           Fri      Sat      Sun      Mon      Tue      Wed      Thu           Fri      Sat      Sun      Mon      Tue      Wed      Thu           Fri      Sat      Sun      Mon      Tue      Wed      Thu           Fri      Sat      Sun      Mon      Tue      Wed      Thu           Fri      Sat      Sun      Mon      Tue      Wed      Thu           Fri      Sat      Sun      Mon      Tue      Wed      Thu           Fri      Sat      Sun      Mon      Tue      Wed      Thu           

Test JA 1  JA        FREE     FREE     FREE     FREE     FREE     FREE     FREE          FREE     FREE     FREE     FREE     FREE     FREE     FREE          FREE     FREE     FREE     FREE     FREE     FREE     FREE          FREE     FREE     FREE     FREE     FREE     FREE     FREE          FREE     FREE     FREE     FREE     FREE     FREE     FREE          FREE     FREE     FREE     FREE     FREE     FREE     FREE          FREE     FREE     FREE     FREE     FREE     FREE     FREE          FREE     FREE     FREE     FREE     FREE     FREE     FREE          FREE     FREE     FREE     FREE     FREE     FREE     FREE          FREE     FREE     FREE     FREE     FREE     FREE     FREE          FREE     FREE     FREE     FREE     FREE     FREE     FREE          FREE     FREE     FREE     FREE     FREE     FREE     FREE          FREE     FREE     FREE     FREE     FREE     FREE     FREE          FREE     FREE     FREE     FREE     FREE     FREE     FREE          FREE     FREE     FREE     FREE     FREE     FREE     FREE          FREE     FREE     FREE     FREE     FREE     FREE     FREE          FREE     FREE     FREE     FREE     FREE     FREE     FREE          FREE     FREE     FREE     FREE     FREE     FREE     FREE          FREE     FREE     FREE     FREE     FREE     FREE     FREE          FREE     FREE     FREE     FREE     FREE     FREE     FREE          FREE     JAWE     JAWE     FREE     FREE     FREE     FREE          FREE     FREE     FREE     FREE     FREE     FREE     FREE          FREE     FREE     FREE     FREE     FREE     FREE     FREE          FREE     FREE     FREE     FREE     FREE     FREE     FREE          FREE     FREE     FREE     FREE     FREE     FREE     FREE          FREE     FREE     FREE     FREE     FREE     FREE     FREE          
Test JAF 1  JA_F      FREE     FREE     FREE     FREE     FREE     FREE     FREE          FREE     FREE     FREE     FREE     FREE     FREE     FREE          FREE     FREE     FREE     FREE     FREE     FREE     FREE          FREE     FREE     FREE     FREE     FREE     FREE     FREE          FREE     FREE     FREE     FREE     FREE     FREE     FREE          FREE     FREE     FREE     FREE     FREE     FREE     FREE          FREE     FREE     FREE     FREE     FREE     FREE     FREE          FREE     JAWE     JAWE     FREE     FREE     FREE     FREE          FREE     FREE     FREE     FREE     FREE     FREE     FREE          FREE     FREE     FREE     FREE     FREE     FREE     FREE          FREE     FREE     FREE     FREE     FREE     FREE     FREE          FREE     FREE     FREE     FREE     FREE     FREE     FREE          FREE     FREE     FREE     FREE     FREE     FREE     FREE          FREE     FREE     FREE     FREE     FREE     FREE     FREE          FREE     FREE     FREE     FREE     FREE     FREE     FREE          FREE     FREE     FREE     FREE     FREE     FREE     FREE          FREE     FREE     FREE     FREE     FREE     FREE     FREE          FREE     FREE     FREE     FREE     FREE     FREE     FREE          FREE     FREE     FREE     FREE     FREE     FREE     FREE          FREE     FREE     FREE     FREE     FREE     FREE     FREE          FREE     FREE     FREE     FREE     FREE     FREE     FREE          FREE     FREE     FREE     FREE     FREE     FREE     FREE          FREE     FREE     FREE     FREE     FREE     FREE     FREE          FREE     FREE     FREE     FREE     FREE     FREE     FREE          FREE     JAWE     JAWE     FREE     FREE     FREE     FREE          FREE     FREE     FREE     FREE     FREE     FREE     FREE          
Test JA 2  JA        JANW     JANW     JANW     JANW     JANW     JANW     JANW          FREE     FREE     FREE     FREE     FREE     FREE     FREE          FREE     FREE     FREE     FREE     FREE     FREE     FREE          FREE     FREE     FREE     FREE     FREE     FREE     FREE          FREE     FREE     FREE     FREE     FREE     FREE     FREE          FREE     FREE     FREE     FREE     FREE     FREE     FREE          FREE     FREE     FREE     FREE     FREE     FREE     FREE          FREE     FREE     FREE     FREE     FREE     FREE     FREE          FREE     FREE     FREE     FREE     FREE     FREE     FREE          FREE     FREE     FREE     FREE     FREE     FREE     FREE          FREE     FREE     FREE     FREE     FREE     FREE     FREE          FREE     JAWE     JAWE     FREE     FREE     FREE     FREE          FREE     FREE     FREE     FREE     FREE     FREE     FREE          FREE     FREE     FREE     FREE     FREE     FREE     FREE          FREE     FREE     FREE     FREE     FREE     FREE     FREE          FREE     FREE     FREE     FREE     FREE     FREE     FREE          FREE     FREE     FREE     FREE     FREE     FREE     FREE          FREE     FREE     FREE     FREE     FREE     FREE     FREE          FREE     FREE     FREE     FREE     FREE     FREE     FREE          FREE     FREE     FREE     FREE     FREE     FREE     FREE          FREE     FREE     FREE     FREE     FREE     FREE     FREE          FREE     FREE     FREE     FREE     FREE     FREE     FREE          FREE     FREE     FREE     FREE     FREE     FREE     FREE          JANW     JANW     JANW     JANW     JANW     JANW     JANW          FREE     FREE     FREE     FREE     FREE     FREE     FREE          FREE     FREE     FREE     FREE     FREE     FREE     FREE          
Test JA 3  JA        FREE     FREE     FREE     FREE     FREE     FREE     FREE          FREE     FREE     FREE     FREE     FREE     FREE     FREE          FREE     JAWE     JAWE     FREE     FREE     FREE     FREE          FREE     FREE     FREE     FREE     FREE     FREE     FREE          FREE     FREE     FREE     FREE     FREE     FREE     FREE          FREE     FREE     FREE     FREE     FREE     FREE     FREE          FREE     FREE     FREE     FREE     FREE     FREE     FREE          FREE     FREE     FREE     FREE     FREE     FREE     FREE          FREE     FREE     FREE     FREE     FREE     FREE     FREE          FREE     FREE     FREE     FREE     FREE     FREE     FREE          FREE     FREE     FREE     FREE     FREE     FREE     FREE          FREE     FREE     FREE     FREE     FREE     FREE     FREE          FREE     FREE     FREE     FREE     FREE     FREE     FREE          FREE     FREE     FREE     FREE     FREE     FREE     FREE          FREE     FREE     FREE     FREE     FREE     FREE     FREE          FREE     FREE     FREE     FREE     FREE     FREE     FREE          FREE     FREE     FREE     FREE     FREE     FREE     FREE          FREE     FREE     FREE     FREE     FREE     FREE     FREE          FREE     FREE     FREE     FREE     FREE     FREE     FREE          FREE     FREE     FREE     FREE     FREE     FREE     FREE          FREE     FREE     FREE     FREE     FREE     FREE     FREE          FREE     FREE     FREE     FREE     FREE     FREE     FREE          JANW     JANW     JANW     JANW     JANW     JANW     JANW          FREE     FREE     FREE     FREE     FREE     FREE     FREE          FREE     FREE     FREE     FREE     FREE     FREE     FREE          FREE     FREE     FREE     FREE     FREE     FREE     FREE          
Test JA 4  JA        FREE     FREE     FREE     FREE     FREE     FREE     FREE          FREE     FREE     FREE     FREE     FREE     FREE     FREE          FREE     FREE     FREE     FREE     FREE     FREE     FREE          FREE     FREE     FREE     FREE     FREE     FREE     FREE          FREE     FREE     FREE     FREE     FREE     FREE     FREE          FREE     FREE     FREE     FREE     FREE     FREE     FREE          FREE     FREE     FREE     FREE     FREE     FREE     FREE          FREE     FREE     FREE     FREE     FREE     FREE     FREE          FREE     FREE     FREE     FREE     FREE     FREE     FREE          JANW     JANW     JANW     JANW     JANW     JANW     JANW          FREE     FREE     FREE     FREE     FREE     FREE     FREE          FREE     FREE     FREE     FREE     FREE     FREE     FREE          FREE     FREE     FREE     FREE     FREE     FREE     FREE          FREE     FREE     FREE     FREE     FREE     FREE     FREE          FREE     FREE     FREE     FREE     FREE     FREE     FREE          FREE     FREE     FREE     FREE     FREE     FREE     FREE          FREE     FREE     FREE     FREE     FREE     FREE     FREE          FREE     JAWE     JAWE     FREE     FREE     FREE     FREE          FREE     FREE     FREE     FREE     FREE     FREE     FREE          FREE     FREE     FREE     FREE     FREE     FREE     FREE          FREE     FREE     FREE     FREE     FREE     FREE     FREE          JANW     JANW     JANW     JANW     JANW     JANW     JANW          FREE     FREE     FREE     FREE     FREE     FREE     FREE          FREE     FREE     FREE     FREE     FREE     FREE     FREE          JANW     JANW     JANW     JANW     JANW     JANW     JANW          FREE     FREE     FREE     FREE     FREE     FREE     FREE          
Test JAF 2  JA_F      FREE     FREE     FREE     FREE     FREE     FREE     FREE          FREE     FREE     FREE     FREE     FREE     FREE     FREE          FREE     FREE     FREE     FREE     FREE     FREE     FREE          FREE     FREE     FREE     FREE     FREE     FREE     FREE          FREE     FREE     FREE     FREE     FREE     FREE     FREE          FREE     FREE     FREE     FREE     FREE     FREE     FREE          FREE     FREE     FREE     FREE     FREE     FREE     FREE          FREE     FREE     FREE     FREE     FREE     FREE     FREE          FREE     FREE     FREE     FREE     FREE     FREE     FREE          FREE     FREE     FREE     FREE     FREE     FREE     FREE          FREE     FREE     FREE     FREE     FREE     FREE     FREE          FREE     FREE     FREE     FREE     FREE     FREE     FREE          FREE     FREE     FREE     FREE     FREE     FREE     FREE          FREE     FREE     FREE     FREE     FREE     FREE     FREE          FREE     FREE     FREE     FREE     FREE     FREE     FREE          FREE     FREE     FREE     FREE     FREE     FREE     FREE          FREE     FREE     FREE     FREE     FREE     FREE     FREE          FREE     FREE     FREE     FREE     FREE     FREE     FREE          FREE     JAWE     JAWE     FREE     FREE     FREE     FREE          FREE     FREE     FREE     FREE     FREE     FREE     FREE          FREE     FREE     FREE     FREE     FREE     FREE     FREE          FREE     FREE     FREE     FREE     FREE     FREE     FREE          FREE     FREE     FREE     FREE     FREE     FREE     FREE          FREE     FREE     FREE     FREE     FREE     FREE     FREE          FREE     FREE     FREE     FREE     FREE     FREE     FREE          FREE     FREE     FREE     FREE     FREE     FREE     FREE          
Test JAF 3  JA_F      FREE     FREE     FREE     FREE     FREE     FREE     FREE          FREE     FREE     FREE     FREE     FREE     FREE     FREE          FREE     FREE     FREE     FREE     FREE     FREE     FREE          FREE     FREE     FREE     FREE     FREE     FREE     FREE          FREE     FREE     FREE     FREE     FREE     FREE     FREE          FREE     FREE     FREE     FREE     FREE     FREE     FREE          FREE     FREE     FREE     FREE     FREE     FREE     FREE          FREE     FREE     FREE     FREE     FREE     FREE     FREE          FREE     FREE     FREE     FREE     FREE     FREE     FREE          FREE     FREE     FREE     FREE     FREE     FREE     FREE          FREE     FREE     FREE     FREE     FREE     FREE     FREE          FREE     FREE     FREE     FREE     FREE     FREE     FREE          FREE     FREE     FREE     FREE     FREE     FREE     FREE          FREE     FREE     FREE     FREE     FREE     FREE     FREE          FREE     FREE     FREE     FREE     FREE     FREE     FREE          FREE     FREE     FREE     FREE     FREE     FREE     FREE          FREE     FREE     FREE     FREE     FREE     FREE     FREE          FREE     FREE     FREE     FREE     FREE     FREE     FREE          FREE     FREE     FREE     FREE     FREE     FREE     FREE          FREE     FREE     FREE     FREE     FREE     FREE     FREE          FREE     FREE     FREE     FREE     FREE     FREE     FREE          FREE     FREE     FREE     FREE     FREE     FREE     FREE          FREE     FREE     FREE     FREE     FREE     FREE     FREE          FREE     JAWE     JAWE     FREE     FREE     FREE     FREE          FREE     FREE     FREE     FREE     FREE     FREE     FREE          FREE     FREE     FREE     FREE     FREE     FREE     FREE          
Test SA 1  SA        SAEW     SAEW     SAEW     SAEW     SAEW     SAEW     SAEW          FREE     FREE     FREE     FREE     FREE     FREE     FREE          FREE     FREE     FREE     FREE     FREE     FREE     FREE          FREE     FREE     FREE     FREE     FREE     FREE     FREE          FREE     FREE     FREE     FREE     FREE     FREE     FREE          FREE     FREE     FREE     FREE     FREE     FREE     FREE          FREE     FREE     FREE     FREE     FREE     FREE     FREE          CALL     CALL     CALL     CALL     CALL     CALL     CALL          FREE     FREE     FREE     FREE     FREE     FREE     FREE          FREE     FREE     FREE     FREE     FREE     FREE     FREE          FREE     FREE     FREE     FREE     FREE     FREE     FREE          FREE     FREE     FREE     FREE     FREE     FREE     FREE          FREE     FREE     FREE     FREE     FREE     FREE     FREE          FREE     FREE     FREE     FREE     FREE     FREE     FREE          FREE     FREE     FREE     FREE     FREE     FREE     FREE          FREE     FREE     FREE     FREE     FREE     FREE     FREE          FREE     FREE     FREE     FREE     FREE     FREE     FREE          SAEW     SAEW     SAEW     SAEW     SAEW     SAEW     SAEW          FREE     FREE     FREE     FREE     FREE     FREE     FREE          FREE     FREE     FREE     FREE     FREE     FREE     FREE          FREE     FREE     FREE     FREE     FREE     FREE     FREE          FREE     FREE     FREE     FREE     FREE     FREE     FREE          FREE     FREE     FREE     FREE     FREE     FREE     FREE          SAEW     SAEW     SAEW     SAEW     SAEW     SAEW     SAEW          FREE     FREE     FREE     FREE     FREE     FREE     FREE          FREE     FREE     FREE     FREE     FREE     FREE     FREE          
Test SA 2  SA        FREE     FREE     FREE     FREE     FREE     FREE     FREE          FREE     FREE     FREE     FREE     FREE     FREE     FREE          FREE     FREE     FREE     FREE     FREE     FREE     FREE          FREE     FREE     FREE     FREE     FREE     FREE     FREE          FREE     FREE     FREE     FREE     FREE     FREE     FREE          FREE     FREE     FREE     FREE     FREE     FREE     FREE          FREE     FREE     FREE     FREE     FREE     FREE     FREE          FREE     FREE     FREE     FREE     FREE     FREE     FREE          FREE     FREE     FREE     FREE     FREE     FREE     FREE          FREE     FREE     FREE     FREE     FREE     FREE     FREE          FREE     FREE     FREE     FREE     FREE     FREE     FREE          FREE     FREE     FREE     FREE     FREE     FREE     FREE          FREE     FREE     FREE     FREE     FREE     FREE     FREE          FREE     FREE     FREE     FREE     FREE     FREE     FREE          FREE     FREE     FREE     FREE     FREE     FREE     FREE          FREE     FREE     FREE     FREE     FREE     FREE     FREE          FREE     FREE     FREE     FREE     FREE     FREE     FREE          FREE     FREE     FREE     FREE     FREE     FREE     FREE          FREE     FREE     FREE     FREE     FREE     FREE     FREE          FREE     FREE     FREE     FREE     FREE     FREE     FREE          SAEW     SAEW     SAEW     SAEW     SAEW     SAEW     SAEW          FREE     FREE     FREE     FREE     FREE     FREE     FREE          FREE     FREE     FREE     FREE     FREE     FREE     FREE          FREE     FREE     FREE     FREE     FREE     FREE     FREE          FREE     FREE     FREE     FREE     FREE     FREE     FREE          FREE     FREE     FREE     FREE     FREE     FREE     FREE          
Test SA 3  SA        FREE     FREE     FREE     FREE     FREE     FREE     FREE          FREE     FREE     FREE     FREE     FREE     FREE     FREE          FREE     FREE     FREE     FREE     FREE     FREE     FREE          CALL     CALL     CALL     CALL     CALL     CALL     CALL          FREE     FREE     FREE     FREE     FREE     FREE     FREE          FREE     FREE     FREE     FREE     FREE     FREE     FREE          FREE     FREE     FREE     FREE     FREE     FREE     FREE          FREE     FREE     FREE     FREE     FREE     FREE     FREE          FREE     FREE     FREE     FREE     FREE     FREE     FREE          FREE     FREE     FREE     FREE     FREE     FREE     FREE          FREE     FREE     FREE     FREE     FREE     FREE     FREE          FREE     SAWE     SAWE     FREE     FREE     FREE     FREE          FREE     FREE     FREE     FREE     FREE     FREE     FREE          FREE     FREE     FREE     FREE     FREE     FREE     FREE          FREE     FREE     FREE     FREE     FREE     FREE     FREE          FREE     SAWE     SAWE     FREE     FREE     FREE     FREE          FREE     FREE     FREE     FREE     FREE     FREE     FREE          FREE     FREE     FREE     FREE     FREE     FREE     FREE          FREE     FREE     FREE     FREE     FREE     FREE     FREE          FREE     FREE     FREE     FREE     FREE     FREE     FREE          FREE     FREE     FREE     FREE     FREE     FREE     FREE          FREE     FREE     FREE     FREE     FREE     FREE     FREE          FREE     FREE     FREE     FREE     FREE     FREE     FREE          FREE     FREE     FREE     FREE     FREE     FREE     FREE          FREE     FREE     FREE     FREE     FREE     FREE     FREE          FREE     FREE     FREE     FREE     FREE     FREE     FREE          
Test SAF 1  SA_F      FREE     FREE     FREE     FREE     FREE     FREE     FREE          FREE     FREE     FREE     FREE     FREE     FREE     FREE          FREE     FREE     FREE     FREE     FREE     FREE     FREE          FREE     FREE     FREE     FREE     FREE     FREE     FREE          FREE     FREE     FREE     FREE     FREE     FREE     FREE          FREE     FREE     FREE     FREE     FREE     FREE     FREE          FREE     FREE     FREE     FREE     FREE     FREE     FREE          FREE     FREE     FREE     FREE     FREE     FREE     FREE          FREE     FREE     FREE     FREE     FREE     FREE     FREE          FREE     FREE     FREE     FREE     FREE     FREE     FREE          FREE     FREE     FREE     FREE     FREE     FREE     FREE          FREE     FREE     FREE     FREE     FREE     FREE     FREE          FREE     FREE     FREE     FREE     FREE     FREE     FREE          FREE     FREE     FREE     FREE     FREE     FREE     FREE          FREE     FREE     FREE     FREE     FREE     FREE     FREE          FREE     FREE     FREE     FREE     FREE     FREE     FREE          FREE     FREE     FREE     FREE     FREE     FREE     FREE          FREE     FREE     FREE     FREE     FREE     FREE     FREE          FREE     FREE     FREE     FREE     FREE     FREE     FREE          FREE     FREE     FREE     FREE     FREE     FREE     FREE          FREE     FREE     FREE     FREE     FREE     FREE     FREE          FREE     FREE     FREE     FREE     FREE     FREE     FREE          FREE     FREE     FREE     FREE     FREE     FREE     FREE          FREE     FREE     FREE     FREE     FREE     FREE     FREE          FREE     FREE     FREE     FREE     FREE     FREE     FREE          FREE     FREE     FREE     FREE     FREE     FREE     FREE          
Test SAF 2  SA_F      FREE     FREE     FREE     FREE     FREE     FREE     FREE          FREE     FREE     FREE     FREE     FREE     FREE     FREE          FREE     FREE     FREE     FREE     FREE     FREE     FREE          FREE     FREE     FREE     FREE     FREE     FREE     FREE          FREE     FREE     FREE     FREE     FREE     FREE     FREE          FREE     FREE     FREE     FREE     FREE     FREE     FREE          FREE     FREE     FREE     FREE     FREE     FREE     FREE          FREE     FREE     FREE     FREE     FREE     FREE     FREE          FREE     FREE     FREE     FREE     FREE     FREE     FREE          FREE     FREE     FREE     FREE     FREE     FREE     FREE          FREE     FREE     FREE     FREE     FREE     FREE     FREE          FREE     FREE     FREE     FREE     FREE     FREE     FREE          FREE     FREE     FREE     FREE     FREE     FREE     FREE          FREE     FREE     FREE     FREE     FREE     FREE     FREE          FREE     FREE     FREE     FREE     FREE     FREE     FREE          FREE     FREE     FREE     FREE     FREE     FREE     FREE          FREE     FREE     FREE     FREE     FREE     FREE     FREE          FREE     FREE     FREE     FREE     FREE     FREE     FREE          FREE     FREE     FREE     FREE     FREE     FREE     FREE          FREE     FREE     FREE     FREE     FREE     FREE     FREE          CALL     CALL     CALL     CALL     CALL     CALL     CALL          FREE     FREE     FREE     FREE     FREE     FREE     FREE          FREE     FREE     FREE     FREE     FREE     FREE     FREE          FREE     FREE     FREE     FREE     FREE     FREE     FREE          FREE     FREE     FREE     FREE     FREE     FREE     FREE          FREE     FREE     FREE     FREE     FREE     FREE     FREE          
Test SAN 1  SA_NEO    FREE     FREE     FREE     FREE     FREE     FREE     FREE          FREE     FREE     FREE     FREE     FREE     FREE     FREE          FREE     FREE     FREE     FREE     FREE     FREE     FREE          FREE     FREE     FREE     FREE     FREE     FREE     FREE          FREE     FREE     FREE     FREE     FREE     FREE     FREE          FREE     FREE     FREE     FREE     FREE     FREE     FREE          SAEW     SAEW     SAEW     SAEW     SAEW     SAEW     SAEW          FREE     FREE     FREE     FREE     FREE     FREE     FREE          FREE     FREE     FREE     FREE     FREE     FREE     FREE          FREE     FREE     FREE     FREE     FREE     FREE     FREE          FREE     FREE     FREE     FREE     FREE     FREE     FREE          FREE     FREE     FREE     FREE     FREE     FREE     FREE          FREE     FREE     FREE     FREE     FREE     FREE     FREE          FREE     FREE     FREE     FREE     FREE     FREE     FREE          FREE     FREE     FREE     FREE     FREE     FREE     FREE          FREE     FREE     FREE     FREE     FREE     FREE     FREE          FREE     FREE     FREE     FREE     FREE     FREE     FREE          FREE     FREE     FREE     FREE     FREE     FREE     FREE          FREE     FREE     FREE     FREE     FREE     FREE     FREE          FREE     FREE     FREE     FREE     FREE     FREE     FREE          FREE     SAWE     SAWE     FREE     FREE     FREE     FREE          FREE     FREE     FREE     FREE     FREE     FREE     FREE          FREE     FREE     FREE     FREE     FREE     FREE     FREE          FREE     FREE     FREE     FREE     FREE     FREE     FREE          FREE     FREE     FREE     FREE     FREE     FREE     FREE          FREE     FREE     FREE     FREE     FREE     FREE     FREE          
Test SAN 2  SA_NEO    FREE     FREE     FREE     FREE     FREE     FREE     FREE          FREE     FREE     FREE     FREE     FREE     FREE     FREE          CALL     CALL     CALL     CALL     CALL     CALL     CALL          FREE     FREE     FREE     FREE     FREE     FREE     FREE          FREE     FREE     FREE     FREE     FREE     FREE     FREE          FREE     FREE     FREE     FREE     FREE     FREE     FREE          FREE     FREE     FREE     FREE     FREE     FREE     FREE          FREE     FREE     FREE     FREE     FREE     FREE     FREE          FREE     FREE     FREE     FREE     FREE     FREE     FREE          FREE     FREE     FREE     FREE     FREE     FREE     FREE          FREE     FREE     FREE     FREE     FREE     FREE     FREE          FREE     FREE     FREE     FREE     FREE     FREE     FREE          FREE     FREE     FREE     FREE     FREE     FREE     FREE          FREE     TPWE     TPWE     FREE     FREE     FREE     FREE          FREE     FREE     FREE     FREE     FREE     FREE     FREE          FREE     FREE     FREE     FREE     FREE     FREE     FREE          FREE     TPWE     TPWE     FREE     FREE     FREE     FREE          FREE     FREE     FREE     FREE     FREE     FREE     FREE          FREE     FREE     FREE     FREE     FREE     FREE     FREE          FREE     FREE     FREE     FREE     FREE     FREE     FREE          FREE     FREE     FREE     FREE     FREE     FREE     FREE          FREE     FREE     FREE     FREE     FREE     FREE     FREE          FREE     FREE     FREE     FREE     FREE     FREE     FREE          FREE     FREE     FREE     FREE     FREE     FREE     FREE          FREE     FREE     FREE     FREE     FREE     FREE     FREE          FREE     FREE     FREE     FREE     FREE     FREE     FREE          
Test SAN 3  SA_NEO    FREE     FREE     FREE     FREE     FREE     FREE     FREE          FREE     FREE     FREE     FREE     FREE     FREE     FREE          FREE     FREE     FREE     FREE     FREE     FREE     FREE          FREE     FREE     FREE     FREE     FREE     FREE     FREE          FREE     FREE     FREE     FREE     FREE     FREE     FREE          FREE     FREE     FREE     FREE     FREE     FREE     FREE          FREE     SAWE     SAWE     FREE     FREE     FREE     FREE          FREE     FREE     FREE     FREE     FREE     FREE     FREE          FREE     SAWE     SAWE     FREE     FREE     FREE     FREE          FREE     FREE     FREE     FREE     FREE     FREE     FREE          FREE     TPWE     TPWE     FREE     FREE     FREE     FREE          FREE     FREE     FREE     FREE     FREE     FREE     FREE          FREE     FREE     FREE     FREE     FREE     FREE     FREE          FREE     FREE     FREE     FREE     FREE     FREE     FREE          FREE     TPWE     TPWE     FREE     FREE     FREE     FREE          FREE     FREE     FREE     FREE     FREE     FREE     FREE          FREE     FREE     FREE     FREE     FREE     FREE     FREE          FREE     FREE     FREE     FREE     FREE     FREE     FREE          FREE     FREE     FREE     FREE     FREE     FREE     FREE          FREE     FREE     FREE     FREE     FREE     FREE     FREE          FREE     FREE     FREE     FREE     FREE     FREE     FREE          FREE     FREE     FREE     FREE     FREE     FREE     FREE          FREE     FREE     FREE     FREE     FREE     FREE     FREE          FREE     FREE     FREE     FREE     FREE     FREE     FREE          FREE     FREE     FREE     FREE     FREE     FREE     FREE          FREE     FREE     FREE     FREE     FREE     FREE     FREE          
Test SAN 4  SA_NEO    FREE     FREE     FREE     FREE     FREE     FREE     FREE          FREE     TPWE     TPWE     FREE     FREE     FREE     FREE          FREE     FREE     FREE     FREE     FREE     FREE     FREE          FREE     FREE     FREE     FREE     FREE     FREE     FREE          FREE     FREE     FREE     FREE     FREE     FREE     FREE          FREE     FREE     FREE     FREE     FREE     FREE     FREE          FREE     FREE     FREE     FREE     FREE     FREE     FREE          FREE     FREE     FREE     FREE     FREE     FREE     FREE          FREE     FREE     FREE     FREE     FREE     FREE     FREE          FREE     FREE     FREE     FREE     FREE     FREE     FREE          FREE     FREE     FREE     FREE     FREE     FREE     FREE          FREE     FREE     FREE     FREE     FREE     FREE     FREE          FREE     FREE     FREE     FREE     FREE     FREE     FREE          CALL     CALL     CALL     CALL     CALL     CALL     CALL          FREE     FREE     FREE     FREE     FREE     FREE     FREE          FREE     FREE     FREE     FREE     FREE     FREE     FREE          FREE     FREE     FREE     FREE     FREE     FREE     FREE          FREE     FREE     FREE     FREE     FREE     FREE     FREE          FREE     FREE     FREE     FREE     FREE     FREE     FREE          FREE     FREE     FREE     FREE     FREE     FREE     FREE          FREE     FREE     FREE     FREE     FREE     FREE     FREE          FREE     FREE     FREE     FREE     FREE     FREE     FREE          FREE     FREE     FREE     FREE     FREE     FREE     FREE          FREE     FREE     FREE     FREE     FREE     FREE     FREE          FREE     FREE     FREE     FREE     FREE     FREE     FREE          FREE     FREE     FREE     FREE     FREE     FREE     FREE          
Test SAN 5  SA_NEO    FREE     FREE     FREE     FREE     FREE     FREE     FREE          FREE     FREE     FREE     FREE     FREE     FREE     FREE          FREE     FREE     FREE     FREE     FREE     FREE     FREE          FREE     TPWE     TPWE     FREE     FREE     FREE     FREE          FREE     FREE     FREE     FREE     FREE     FREE     FREE          FREE     FREE     FREE     FREE     FREE     FREE     FREE          FREE     FREE     FREE     FREE     FREE     FREE     FREE          FREE     FREE     FREE     FREE     FREE     FREE     FREE          FREE     FREE     FREE     FREE     FREE     FREE     FREE          FREE     TPWE     TPWE     FREE     FREE     FREE     FREE          FREE     FREE     FREE     FREE     FREE     FREE     FREE          FREE     FREE     FREE     FREE     FREE     FREE     FREE          FREE     FREE     FREE     FREE     FREE     FREE     FREE          FREE     FREE     FREE     FREE     FREE     FREE     FREE          FREE     FREE     FREE     FREE     FREE     FREE     FREE          FREE     FREE     FREE     FREE     FREE     FREE     FREE          FREE     SAWE     SAWE     FREE     FREE     FREE     FREE          FREE     FREE     FREE     FREE     FREE     FREE     FREE          FREE     FREE     FREE     FREE     FREE     FREE     FREE          FREE     FREE     FREE     FREE     FREE     FREE     FREE          FREE     FREE     FREE     FREE     FREE     FREE     FREE          FREE     FREE     FREE     FREE     FREE     FREE     FREE          FREE     FREE     FREE     FREE     FREE     FREE     FREE          FREE     FREE     FREE     FREE     FREE     FREE     FREE          FREE     FREE     FREE     FREE     FREE     FREE     FREE          FREE     FREE     FREE     FREE     FREE     FREE     FREE          
Test SAFN 1  SA_F_NEO  FREE     FREE     FREE     FREE     FREE     FREE     FREE          FREE     FREE     FREE     FREE     FREE     FREE     FREE          FREE     FREE     FREE     FREE     FREE     FREE     FREE          FREE     FREE     FREE     FREE     FREE     FREE     FREE          FREE     FREE     FREE     FREE     FREE     FREE     FREE          FREE     FREE     FREE     FREE     FREE     FREE     FREE          FREE     FREE     FREE     FREE     FREE     FREE     FREE          FREE     FREE     FREE     FREE     FREE     FREE     FREE          FREE     TPWE     TPWE     FREE     FREE     FREE     FREE          FREE     FREE     FREE     FREE     FREE     FREE     FREE          FREE     FREE     FREE     FREE     FREE     FREE     FREE          FREE     FREE     FREE     FREE     FREE     FREE     FREE          FREE     FREE     FREE     FREE     FREE     FREE     FREE          FREE     FREE     FREE     FREE     FREE     FREE     FREE          FREE     FREE     FREE     FREE     FREE     FREE     FREE          FREE     FREE     FREE     FREE     FREE     FREE     FREE          FREE     FREE     FREE     FREE     FREE     FREE     FREE          FREE     TPWE     TPWE     FREE     FREE     FREE     FREE          FREE     FREE     FREE     FREE     FREE     FREE     FREE          FREE     FREE     FREE     FREE     FREE     FREE     FREE          FREE     FREE     FREE     FREE     FREE     FREE     FREE          FREE     FREE     FREE     FREE     FREE     FREE     FREE          FREE     FREE     FREE     FREE     FREE     FREE     FREE          FREE     SAWE     SAWE     FREE     FREE     FREE     FREE          FREE     FREE     FREE     FREE     FREE     FREE     FREE          FREE     FREE     FREE     FREE     FREE     FREE     FREE          
Test SAFN 2  SA_F_NEO  FREE     FREE     FREE     FREE     FREE     FREE     FREE          FREE     FREE     FREE     FREE     FREE     FREE     FREE          FREE     FREE     FREE     FREE     FREE     FREE     FREE          FREE     FREE     FREE     FREE     FREE     FREE     FREE          FREE     FREE     FREE     FREE     FREE     FREE     FREE          FREE     FREE     FREE     FREE     FREE     FREE     FREE          FREE     FREE     FREE     FREE     FREE     FREE     FREE          FREE     FREE     FREE     FREE     FREE     FREE     FREE          FREE     FREE     FREE     FREE     FREE     FREE     FREE          FREE     FREE     FREE     FREE     FREE     FREE     FREE          FREE     FREE     FREE     FREE     FREE     FREE     FREE          FREE     FREE     FREE     FREE     FREE     FREE     FREE          FREE     FREE     FREE     FREE     FREE     FREE     FREE          FREE     FREE     FREE     FREE     FREE     FREE     FREE          FREE     FREE     FREE     FREE     FREE     FREE     FREE          FREE     TPWE     TPWE     FREE     FREE     FREE     FREE          FREE     FREE     FREE     FREE     FREE     FREE     FREE          FREE     FREE     FREE     FREE     FREE     FREE     FREE          FREE     FREE     FREE     FREE     FREE     FREE     FREE          FREE     FREE     FREE     FREE     FREE     FREE     FREE          FREE     FREE     FREE     FREE     FREE     FREE     FREE          FREE     FREE     FREE     FREE     FREE     FREE     FREE          FREE     FREE     FREE     FREE     FREE     FREE     FREE          FREE     FREE     FREE     FREE     FREE     FREE     FREE          FREE     FREE     FREE     FREE     FREE     FREE     FREE          FREE     FREE     FREE     FREE     FREE     FREE     FREE          
Test JA 5  JA        FREE     FREE     FREE     FREE     FREE     FREE     FREE          FREE     FREE     FREE     FREE     FREE     FREE     FREE          FREE     FREE     FREE     FREE     FREE     FREE     FREE          FREE     FREE     FREE     FREE     FREE     FREE     FREE          FREE     FREE     FREE     FREE     FREE     FREE     FREE          JANW     JANW     JANW     JANW     JANW     JANW     JANW          FREE     FREE     FREE     FREE     FREE     FREE     FREE          FREE     FREE     FREE     FREE     FREE     FREE     FREE          FREE     JAWE     JAWE     FREE     FREE     FREE     FREE          FREE     FREE     FREE     FREE     FREE     FREE     FREE          FREE     FREE     FREE     FREE     FREE     FREE     FREE          FREE     FREE     FREE     FREE     FREE     FREE     FREE          JANW     JANW     JANW     JANW     JANW     JANW     JANW          FREE     FREE     FREE     FREE     FREE     FREE     FREE          FREE     FREE     FREE     FREE     FREE     FREE     FREE          FREE     FREE     FREE     FREE     FREE     FREE     FREE          FREE     FREE     FREE     FREE     FREE     FREE     FREE          FREE     FREE     FREE     FREE     FREE     FREE     FREE          FREE     FREE     FREE     FREE     FREE     FREE     FREE          FREE     FREE     FREE     FREE     FREE     FREE     FREE          FREE     FREE     FREE     FREE     FREE     FREE     FREE          FREE     FREE     FREE     FREE     FREE     FREE     FREE          FREE     FREE     FREE     FREE     FREE     FREE     FREE          FREE     FREE     FREE     FREE     FREE     FREE     FREE          FREE     FREE     FREE     FREE     FREE     FREE     FREE          FREE     FREE     FREE     FREE     FREE     FREE     FREE          
Test JA 6  JA        FREE     JAWE     JAWE     FREE     FREE     FREE     FREE          FREE     FREE     FREE     FREE     FREE     FREE     FREE          FREE     FREE     FREE     FREE     FREE     FREE     FREE          FREE     FREE     FREE     FREE     FREE     FREE     FREE          FREE     FREE     FREE     FREE     FREE     FREE     FREE          FREE     JAWE     JAWE     FREE     FREE     FREE     FREE          FREE     FREE     FREE     FREE     FREE     FREE     FREE          FREE     FREE     FREE     FREE     FREE     FREE     FREE          FREE     FREE     FREE     FREE     FREE     FREE     FREE          FREE     FREE     FREE     FREE     FREE     FREE     FREE          FREE     FREE     FREE     FREE     FREE     FREE     FREE          FREE     FREE     FREE     FREE     FREE     FREE     FREE          FREE     FREE     FREE     FREE     FREE     FREE     FREE          FREE     FREE     FREE     FREE     FREE     FREE     FREE          FREE     FREE     FREE     FREE     FREE     FREE     FREE          FREE     FREE     FREE     FREE     FREE     FREE     FREE          FREE     FREE     FREE     FREE     FREE     FREE     FREE          FREE     FREE     FREE     FREE     FREE     FREE     FREE          FREE     FREE     FREE     FREE     FREE     FREE     FREE          FREE     FREE     FREE     FREE     FREE     FREE     FREE          FREE     FREE     FREE     FREE     FREE     FREE     FREE          FREE     FREE     FREE     FREE     FREE     FREE     FREE          FREE     FREE     FREE     FREE     FREE     FREE     FREE          FREE     FREE     FREE     FREE     FREE     FREE     FREE          FREE     FREE     FREE     FREE     FREE     FREE     FREE          FREE     JAWE     JAWE     FREE     FREE     FREE     FREE          
Test JA 7  JA        FREE     FREE     FREE     FREE     FREE     FREE     FREE          FREE     FREE     FREE     FREE     FREE     FREE     FREE          FREE     FREE     FREE     FREE     FREE     FREE     FREE          FREE     FREE     FREE     FREE     FREE     FREE     FREE          JANW     JANW     JANW     JANW     JANW     JANW     JANW          FREE     FREE     FREE     FREE     FREE     FREE     FREE          FREE     FREE     FREE     FREE     FREE     FREE     FREE          JANW     JANW     JANW     JANW     JANW     JANW     JANW          FREE     FREE     FREE     FREE     FREE     FREE     FREE          FREE     FREE     FREE     FREE     FREE     FREE     FREE          FREE     FREE     FREE     FREE     FREE     FREE     FREE          FREE     FREE     FREE     FREE     FREE     FREE     FREE          FREE     FREE     FREE     FREE     FREE     FREE     FREE          FREE     FREE     FREE     FREE     FREE     FREE     FREE          FREE     FREE     FREE     FREE     FREE     FREE     FREE          FREE     FREE     FREE     FREE     FREE     FREE     FREE          FREE     FREE     FREE     FREE     FREE     FREE     FREE          FREE     FREE     FREE     FREE     FREE     FREE     FREE          FREE     FREE     FREE     FREE     FREE     FREE     FREE          FREE     FREE     FREE     FREE     FREE     FREE     FREE          FREE     FREE     FREE     FREE     FREE     FREE     FREE          FREE     FREE     FREE     FREE     FREE     FREE     FREE          FREE     FREE     FREE     FREE     FREE     FREE     FREE          FREE     FREE     FREE     FREE     FREE     FREE     FREE          FREE     FREE     FREE     FREE     FREE     FREE     FREE          FREE     FREE     FREE     FREE     FREE     FREE     FREE          
Test JAF  4  JA_F      FREE     FREE     FREE     FREE     FREE     FREE     FREE          FREE     FREE     FREE     FREE     FREE     FREE     FREE          FREE     FREE     FREE     FREE     FREE     FREE     FREE          FREE     FREE     FREE     FREE     FREE     FREE     FREE          FREE     FREE     FREE     FREE     FREE     FREE     FREE          FREE     FREE     FREE     FREE     FREE     FREE     FREE          FREE     FREE     FREE     FREE     FREE     FREE     FREE          FREE     FREE     FREE     FREE     FREE     FREE     FREE          FREE     FREE     FREE     FREE     FREE     FREE     FREE          FREE     FREE     FREE     FREE     FREE     FREE     FREE          FREE     FREE     FREE     FREE     FREE     FREE     FREE          FREE     FREE     FREE     FREE     FREE     FREE     FREE          FREE     FREE     FREE     FREE     FREE     FREE     FREE          FREE     FREE     FREE     FREE     FREE     FREE     FREE          FREE     FREE     FREE     FREE     FREE     FREE     FREE          FREE     FREE     FREE     FREE     FREE     FREE     FREE          FREE     JAWE     JAWE     FREE     FREE     FREE     FREE          FREE     FREE     FREE     FREE     FREE     FREE     FREE          FREE     FREE     FREE     FREE     FREE     FREE     FREE          FREE     FREE     FREE     FREE     FREE     FREE     FREE          FREE     FREE     FREE     FREE     FREE     FREE     FREE          FREE     JAWE     JAWE     FREE     FREE     FREE     FREE          FREE     FREE     FREE     FREE     FREE     FREE     FREE          FREE     FREE     FREE     FREE     FREE     FREE     FREE          FREE     FREE     FREE     FREE     FREE     FREE     FREE          FREE     FREE     FREE     FREE     FREE     FREE     FREE          
Test SA 4  SA        FREE     FREE     FREE     FREE     FREE     FREE     FREE          FREE     FREE     FREE     FREE     FREE     FREE     FREE          FREE     FREE     FREE     FREE     FREE     FREE     FREE          FREE     FREE     FREE     FREE     FREE     FREE     FREE          FREE     SAWE     SAWE     FREE     FREE     FREE     FREE          FREE     FREE     FREE     FREE     FREE     FREE     FREE          FREE     FREE     FREE     FREE     FREE     FREE     FREE          FREE     FREE     FREE     FREE     FREE     FREE     FREE          FREE     FREE     FREE     FREE     FREE     FREE     FREE          FREE     FREE     FREE     FREE     FREE     FREE     FREE          FREE     FREE     FREE     FREE     FREE     FREE     FREE          FREE     FREE     FREE     FREE     FREE     FREE     FREE          FREE     FREE     FREE     FREE     FREE     FREE     FREE          FREE     FREE     FREE     FREE     FREE     FREE     FREE          FREE     FREE     FREE     FREE     FREE     FREE     FREE          FREE     FREE     FREE     FREE     FREE     FREE     FREE          FREE     FREE     FREE     FREE     FREE     FREE     FREE          FREE     FREE     FREE     FREE     FREE     FREE     FREE          FREE     FREE     FREE     FREE     FREE     FREE     FREE          FREE     FREE     FREE     FREE     FREE     FREE     FREE          FREE     FREE     FREE     FREE     FREE     FREE     FREE          FREE     FREE     FREE     FREE     FREE     FREE     FREE          FREE     FREE     FREE     FREE     FREE     FREE     FREE          FREE     FREE     FREE     FREE     FREE     FREE     FREE          FREE     FREE     FREE     FREE     FREE     FREE     FREE          FREE     FREE     FREE     FREE     FREE     FREE     FREE          
Test SA  5  SA        FREE     FREE     FREE     FREE     FREE     FREE     FREE          SAEW     SAEW     SAEW     SAEW     SAEW     SAEW     SAEW          FREE     FREE     FREE     FREE     FREE     FREE     FREE          FREE     FREE     FREE     FREE     FREE     FREE     FREE          FREE     FREE     FREE     FREE     FREE     FREE     FREE          FREE     FREE     FREE     FREE     FREE     FREE     FREE          FREE     FREE     FREE     FREE     FREE     FREE     FREE          FREE     FREE     FREE     FREE     FREE     FREE     FREE          FREE     FREE     FREE     FREE     FREE     FREE     FREE          FREE     FREE     FREE     FREE     FREE     FREE     FREE          FREE     FREE     FREE     FREE     FREE     FREE     FREE          FREE     FREE     FREE     FREE     FREE     FREE     FREE          FREE     FREE     FREE     FREE     FREE     FREE     FREE          FREE     FREE     FREE     FREE     FREE     FREE     FREE          FREE     FREE     FREE     FREE     FREE     FREE     FREE          SAEW     SAEW     SAEW     SAEW     SAEW     SAEW     SAEW          FREE     FREE     FREE     FREE     FREE     FREE     FREE          FREE     FREE     FREE     FREE     FREE     FREE     FREE          FREE     FREE     FREE     FREE     FREE     FREE     FREE          FREE     FREE     FREE     FREE     FREE     FREE     FREE          FREE     FREE     FREE     FREE     FREE     FREE     FREE          FREE     FREE     FREE     FREE     FREE     FREE     FREE          FREE     FREE     FREE     FREE     FREE     FREE     FREE          FREE     FREE     FREE     FREE     FREE     FREE     FREE          FREE     FREE     FREE     FREE     FREE     FREE     FREE          FREE     FREE     FREE     FREE     FREE     FREE     FREE          
Test SAF 3   SA_F      FREE     FREE     FREE     FREE     FREE     FREE     FREE          FREE     FREE     FREE     FREE     FREE     FREE     FREE          FREE     FREE     FREE     FREE     FREE     FREE     FREE          FREE     FREE     FREE     FREE     FREE     FREE     FREE          FREE     FREE     FREE     FREE     FREE     FREE     FREE          FREE     FREE     FREE     FREE     FREE     FREE     FREE          FREE     FREE     FREE     FREE     FREE     FREE     FREE          FREE     FREE     FREE     FREE     FREE     FREE     FREE          FREE     FREE     FREE     FREE     FREE     FREE     FREE          FREE     FREE     FREE     FREE     FREE     FREE     FREE          FREE     FREE     FREE     FREE     FREE     FREE     FREE          FREE     FREE     FREE     FREE     FREE     FREE     FREE          FREE     FREE     FREE     FREE     FREE     FREE     FREE          FREE     FREE     FREE     FREE     FREE     FREE     FREE          FREE     FREE     FREE     FREE     FREE     FREE     FREE          FREE     FREE     FREE     FREE     FREE     FREE     FREE          FREE     FREE     FREE     FREE     FREE     FREE     FREE          FREE     FREE     FREE     FREE     FREE     FREE     FREE          FREE     FREE     FREE     FREE     FREE     FREE     FREE          FREE     FREE     FREE     FREE     FREE     FREE     FREE          FREE     FREE     FREE     FREE     FREE     FREE     FREE          FREE     FREE     FREE     FREE     FREE     FREE     FREE          FREE     FREE     FREE     FREE     FREE     FREE     FREE          CALL     CALL     CALL     CALL     CALL     CALL     CALL          FREE     FREE     FREE     FREE     FREE     FREE     FREE          FREE     FREE     FREE     FREE     FREE     FREE     FREE          
Test SAN  6  SA_NEO    FREE     FREE     FREE     FREE     FREE     FREE     FREE          FREE     FREE     FREE     FREE     FREE     FREE     FREE          FREE     FREE     FREE     FREE     FREE     FREE     FREE          FREE     FREE     FREE     FREE     FREE     FREE     FREE          FREE     FREE     FREE     FREE     FREE     FREE     FREE          FREE     FREE     FREE     FREE     FREE     FREE     FREE          FREE     FREE     FREE     FREE     FREE     FREE     FREE          FREE     TPWE     TPWE     FREE     FREE     FREE     FREE          FREE     FREE     FREE     FREE     FREE     FREE     FREE          FREE     FREE     FREE     FREE     FREE     FREE     FREE          FREE     FREE     FREE     FREE     FREE     FREE     FREE          FREE     FREE     FREE     FREE     FREE     FREE     FREE          FREE     FREE     FREE     FREE     FREE     FREE     FREE          FREE     FREE     FREE     FREE     FREE     FREE     FREE          FREE     FREE     FREE     FREE     FREE     FREE     FREE          FREE     FREE     FREE     FREE     FREE     FREE     FREE          CALL     CALL     CALL     CALL     CALL     CALL     CALL          FREE     FREE     FREE     FREE     FREE     FREE     FREE          FREE     FREE     FREE     FREE     FREE     FREE     FREE          FREE     FREE     FREE     FREE     FREE     FREE     FREE          FREE     FREE     FREE     FREE     FREE     FREE     FREE          FREE     FREE     FREE     FREE     FREE     FREE     FREE          FREE     FREE     FREE     FREE     FREE     FREE     FREE          FREE     FREE     FREE     FREE     FREE     FREE     FREE          FREE     FREE     FREE     FREE     FREE     FREE     FREE          FREE     FREE     FREE     FREE     FREE     FREE     FREE          
Test SAN  7   SA_NEO    CALL     CALL     CALL     CALL     CALL     CALL     CALL          FREE     FREE     FREE     FREE     FREE     FREE     FREE          FREE     FREE     FREE     FREE     FREE     FREE     FREE          FREE     FREE     FREE     FREE     FREE     FREE     FREE          FREE     FREE     FREE     FREE     FREE     FREE     FREE          FREE     FREE     FREE     FREE     FREE     FREE     FREE          FREE     FREE     FREE     FREE     FREE     FREE     FREE          FREE     FREE     FREE     FREE     FREE     FREE     FREE          FREE     FREE     FREE     FREE     FREE     FREE     FREE          FREE     FREE     FREE     FREE     FREE     FREE     FREE          FREE     FREE     FREE     FREE     FREE     FREE     FREE          SAEW     SAEW     SAEW     SAEW     SAEW     SAEW     SAEW          FREE     FREE     FREE     FREE     FREE     FREE     FREE          FREE     FREE     FREE     FREE     FREE     FREE     FREE          FREE     FREE     FREE     FREE     FREE     FREE     FREE          FREE     FREE     FREE     FREE     FREE     FREE     FREE          FREE     FREE     FREE     FREE     FREE     FREE     FREE          FREE     FREE     FREE     FREE     FREE     FREE     FREE          FREE     FREE     FREE     FREE     FREE     FREE     FREE          FREE     FREE     FREE     FREE     FREE     FREE     FREE          FREE     FREE     FREE     FREE     FREE     FREE     FREE          FREE     FREE     FREE     FREE     FREE     FREE     FREE          FREE     FREE     FREE     FREE     FREE     FREE     FREE          FREE     FREE     FREE     FREE     FREE     FREE     FREE          FREE     FREE     FREE     FREE     FREE     FREE     FREE          FREE     FREE     FREE     FREE     FREE     FREE     FREE          
Test SAFN 3     SA_F_NEO  FREE     FREE     FREE     FREE     FREE     FREE     FREE          FREE     FREE     FREE     FREE     FREE     FREE     FREE          FREE     FREE     FREE     FREE     FREE     FREE     FREE          FREE     FREE     FREE     FREE     FREE     FREE     FREE          FREE     FREE     FREE     FREE     FREE     FREE     FREE          FREE     FREE     FREE     FREE     FREE     FREE     FREE          FREE     FREE     FREE     FREE     FREE     FREE     FREE          FREE     FREE     FREE     FREE     FREE     FREE     FREE          FREE     FREE     FREE     FREE     FREE     FREE     FREE          FREE     FREE     FREE     FREE     FREE     FREE     FREE          FREE     FREE     FREE     FREE     FREE     FREE     FREE          FREE     FREE     FREE     FREE     FREE     FREE     FREE          FREE     FREE     FREE     FREE     FREE     FREE     FREE          FREE     FREE     FREE     FREE     FREE     FREE     FREE          CALL     CALL     CALL     CALL     CALL     CALL     CALL          FREE     FREE     FREE     FREE     FREE     FREE     FREE          FREE     FREE     FREE     FREE     FREE     FREE     FREE          FREE     FREE     FREE     FREE     FREE     FREE     FREE          FREE     FREE     FREE     FREE     FREE     FREE     FREE          FREE     FREE     FREE     FREE     FREE     FREE     FREE          FREE     FREE     FREE     FREE     FREE     FREE     FREE          FREE     FREE     FREE     FREE     FREE     FREE     FREE          CALL     CALL     CALL     CALL     CALL     CALL     CALL          FREE     FREE     FREE     FREE     FREE     FREE     FREE          FREE     FREE     FREE     FREE     FREE     FREE     FREE          FREE     FREE     FREE     FREE     FREE     FREE     FREE          

----------------------------------------------------------------------------------------------
                    WEEK 0                                                              WEEK 1                                                              WEEK 2                                                              WEEK 3                                                              WEEK 4                                                              WEEK 5                                                              WEEK 6                                                              WEEK 7                                                              WEEK 8                                                              WEEK 9                                                              WEEK 10                                                             WEEK 11                                                             WEEK 12                                                             WEEK 13                                                             WEEK 14                                                             WEEK 15                                                             WEEK 16                                                             WEEK 17                                                             WEEK 18                                                             WEEK 19                                                             WEEK 20                                                             WEEK 21                                                             WEEK 22                                                             WEEK 23                                                             WEEK 24                                                             WEEK 25                                                             
                    Fri      Sat      Sun      Mon      Tue      Wed      Thu           Fri      Sat      Sun      Mon      Tue      Wed      Thu           Fri      Sat      Sun      Mon      Tue      Wed      Thu           Fri      Sat      Sun      Mon      Tue      Wed      Thu           Fri      Sat      Sun      Mon      Tue      Wed      Thu           Fri      Sat      Sun      Mon      Tue      Wed      Thu           Fri      Sat      Sun      Mon      Tue      Wed      Thu           Fri      Sat      Sun      Mon      Tue      Wed      Thu           Fri      Sat      Sun      Mon      Tue      Wed      Thu           Fri      Sat      Sun      Mon      Tue      Wed      Thu           Fri      Sat      Sun      Mon      Tue      Wed      Thu           Fri      Sat      Sun      Mon      Tue      Wed      Thu           Fri      Sat      Sun      Mon      Tue      Wed      Thu           Fri      Sat      Sun      Mon      Tue      Wed      Thu           Fri      Sat      Sun      Mon      Tue      Wed      Thu           Fri      Sat      Sun      Mon      Tue      Wed      Thu           Fri      Sat      Sun      Mon      Tue      Wed      Thu           Fri      Sat      Sun      Mon      Tue      Wed      Thu           Fri      Sat      Sun      Mon      Tue      Wed      Thu           Fri      Sat      Sun      Mon      Tue      Wed      Thu           Fri      Sat      Sun      Mon      Tue      Wed      Thu           Fri      Sat      Sun      Mon      Tue      Wed      Thu           Fri      Sat      Sun      Mon      Tue      Wed      Thu           Fri      Sat      Sun      Mon      Tue      Wed      Thu           Fri      Sat      Sun      Mon      Tue      Wed      Thu           Fri      Sat      Sun      Mon      Tue      Wed      Thu           

Test JA 1  JA        FREE     FREE     FREE     FREE     FREE     FREE     FREE          FREE     FREE     FREE     FREE     FREE     FREE     FREE          FREE     FREE     FREE     FREE     FREE     FREE     FREE          FREE     FREE     FREE     FREE     FREE     FREE     FREE          JANW     JANW     JANW     JANW     JANW     JANW     JANW          FREE     FREE     FREE     FREE     FREE     FREE     FREE          FREE     FREE     FREE     FREE     FREE     FREE     FREE          FREE     FREE     FREE     FREE     FREE     FREE     FREE          FREE     FREE     FREE     FREE     FREE     FREE     FREE          FREE     JAWE     JAWE     FREE     FREE     FREE     FREE          FREE     FREE     FREE     FREE     FREE     FREE     FREE          FREE     FREE     FREE     FREE     FREE     FREE     FREE          JANW     JANW     JANW     JANW     JANW     JANW     JANW          FREE     FREE     FREE     FREE     FREE     FREE     FREE          FREE     FREE     FREE     FREE     FREE     FREE     FREE          FREE     FREE     FREE     FREE     FREE     FREE     FREE          JANW     JANW     JANW     JANW     JANW     JANW     JANW          FREE     FREE     FREE     FREE     FREE     FREE     FREE          FREE     FREE     FREE     FREE     FREE     FREE     FREE          FREE     FREE     FREE     FREE     FREE     FREE     FREE          FREE     FREE     FREE     FREE     FREE     FREE     FREE          FREE     FREE     FREE     FREE     FREE     FREE     FREE          FREE     FREE     FREE     FREE     FREE     FREE     FREE          FREE     FREE     FREE     FREE     FREE     FREE     FREE          FREE     FREE     FREE     FREE     FREE     FREE     FREE          FREE     FREE     FREE     FREE     FREE     FREE     FREE          
Test JAF 1  JA_F      FREE     FREE     FREE     FREE     FREE     FREE     FREE          FREE     FREE     FREE     FREE     FREE     FREE     FREE          FREE     FREE     FREE     FREE     FREE     FREE     FREE          FREE     FREE     FREE     FREE     FREE     FREE     FREE          FREE     FREE     FREE     FREE     FREE     FREE     FREE          FREE     FREE     FREE     FREE     FREE     FREE     FREE          FREE     FREE     FREE     FREE     FREE     FREE     FREE          FREE     FREE     FREE     FREE     FREE     FREE     FREE          FREE     FREE     FREE     FREE     FREE     FREE     FREE          FREE     FREE     FREE     FREE     FREE     FREE     FREE          FREE     FREE     FREE     FREE     FREE     FREE     FREE          FREE     FREE     FREE     FREE     FREE     FREE     FREE          FREE     JAWE     JAWE     FREE     FREE     FREE     FREE          FREE     FREE     FREE     FREE     FREE     FREE     FREE          FREE     FREE     FREE     FREE     FREE     FREE     FREE          FREE     JAWE     JAWE     FREE     FREE     FREE     FREE          FREE     FREE     FREE     FREE     FREE     FREE     FREE          FREE     FREE     FREE     FREE     FREE     FREE     FREE          FREE     FREE     FREE     FREE     FREE     FREE     FREE          FREE     FREE     FREE     FREE     FREE     FREE     FREE          FREE     FREE     FREE     FREE     FREE     FREE     FREE          FREE     FREE     FREE     FREE     FREE     FREE     FREE          FREE     FREE     FREE     FREE     FREE     FREE     FREE          FREE     FREE     FREE     FREE     FREE     FREE     FREE          FREE     FREE     FREE     FREE     FREE     FREE     FREE          FREE     FREE     FREE     FREE     FREE     FREE     FREE          
Test JA 2  JA        FREE     FREE     FREE     FREE     FREE     FREE     FREE          FREE     FREE     FREE     FREE     FREE     FREE     FREE          FREE     FREE     FREE     FREE     FREE     FREE     FREE          FREE     FREE     FREE     FREE     FREE     FREE     FREE          FREE     FREE     FREE     FREE     FREE     FREE     FREE          FREE     FREE     FREE     FREE     FREE     FREE     FREE          FREE     JAWE     JAWE     FREE     FREE     FREE     FREE          FREE     FREE     FREE     FREE     FREE     FREE     FREE          FREE     FREE     FREE     FREE     FREE     FREE     FREE          FREE     FREE     FREE     FREE     FREE     FREE     FREE          FREE     FREE     FREE     FREE     FREE     FREE     FREE          FREE     FREE     FREE     FREE     FREE     FREE     FREE          FREE     FREE     FREE     FREE     FREE     FREE     FREE          FREE     FREE     FREE     FREE     FREE     FREE     FREE          FREE     FREE     FREE     FREE     FREE     FREE     FREE          FREE     FREE     FREE     FREE     FREE     FREE     FREE          FREE     FREE     FREE     FREE     FREE     FREE     FREE          FREE     FREE     FREE     FREE     FREE     FREE     FREE          FREE     FREE     FREE     FREE     FREE     FREE     FREE          FREE     FREE     FREE     FREE     FREE     FREE     FREE          FREE     JAWE     JAWE     FREE     FREE     FREE     FREE          FREE     FREE     FREE     FREE     FREE     FREE     FREE          FREE     FREE     FREE     FREE     FREE     FREE     FREE          FREE     FREE     FREE     FREE     FREE     FREE     FREE          FREE     FREE     FREE     FREE     FREE     FREE     FREE          FREE     FREE     FREE     FREE     FREE     FREE     FREE          
Test JA 3  JA        FREE     FREE     FREE     FREE     FREE     FREE     FREE          FREE     FREE     FREE     FREE     FREE     FREE     FREE          FREE     FREE     FREE     FREE     FREE     FREE     FREE          FREE     FREE     FREE     FREE     FREE     FREE     FREE          FREE     FREE     FREE     FREE     FREE     FREE     FREE          FREE     FREE     FREE     FREE     FREE     FREE     FREE          FREE     FREE     FREE     FREE     FREE     FREE     FREE          FREE     FREE     FREE     FREE     FREE     FREE     FREE          FREE     FREE     FREE     FREE     FREE     FREE     FREE          JANW     JANW     JANW     JANW     JANW     JANW     JANW          FREE     FREE     FREE     FREE     FREE     FREE     FREE          FREE     FREE     FREE     FREE     FREE     FREE     FREE          FREE     FREE     FREE     FREE     FREE     FREE     FREE          FREE     FREE     FREE     FREE     FREE     FREE     FREE          JANW     JANW     JANW     JANW     JANW     JANW     JANW          FREE     FREE     FREE     FREE     FREE     FREE     FREE          FREE     FREE     FREE     FREE     FREE     FREE     FREE          FREE     FREE     FREE     FREE     FREE     FREE     FREE          FREE     FREE     FREE     FREE     FREE     FREE     FREE          JANW     JANW     JANW     JANW     JANW     JANW     JANW          FREE     FREE     FREE     FREE     FREE     FREE     FREE          FREE     FREE     FREE     FREE     FREE     FREE     FREE          FREE     FREE     FREE     FREE     FREE     FREE     FREE          FREE     FREE     FREE     FREE     FREE     FREE     FREE          FREE     FREE     FREE     FREE     FREE     FREE     FREE          FREE     FREE     FREE     FREE     FREE     FREE     FREE          
Test JA 4  JA        FREE     FREE     FREE     FREE     FREE     FREE     FREE          JANW     JANW     JANW     JANW     JANW     JANW     JANW          FREE     FREE     FREE     FREE     FREE     FREE     FREE          FREE     FREE     FREE     FREE     FREE     FREE     FREE          FREE     FREE     FREE     FREE     FREE     FREE     FREE          FREE     FREE     FREE     FREE     FREE     FREE     FREE          FREE     FREE     FREE     FREE     FREE     FREE     FREE          FREE     FREE     FREE     FREE     FREE     FREE     FREE          JANW     JANW     JANW     JANW     JANW     JANW     JANW          FREE     FREE     FREE     FREE     FREE     FREE     FREE          FREE     FREE     FREE     FREE     FREE     FREE     FREE          FREE     JAWE     JAWE     FREE     FREE     FREE     FREE          FREE     FREE     FREE     FREE     FREE     FREE     FREE          FREE     FREE     FREE     FREE     FREE     FREE     FREE          FREE     FREE     FREE     FREE     FREE     FREE     FREE          FREE     FREE     FREE     FREE     FREE     FREE     FREE          FREE     FREE     FREE     FREE     FREE     FREE     FREE          FREE     FREE     FREE     FREE     FREE     FREE     FREE          FREE     FREE     FREE     FREE     FREE     FREE     FREE          FREE     FREE     FREE     FREE     FREE     FREE     FREE          FREE     FREE     FREE     FREE     FREE     FREE     FREE          FREE     FREE     FREE     FREE     FREE     FREE     FREE          FREE     FREE     FREE     FREE     FREE     FREE     FREE          JANW     JANW     JANW     JANW     JANW     JANW     JANW          FREE     FREE     FREE     FREE     FREE     FREE     FREE          FREE     FREE     FREE     FREE     FREE     FREE     FREE          
Test JAF 2  JA_F      FREE     FREE     FREE     FREE     FREE     FREE     FREE          FREE     FREE     FREE     FREE     FREE     FREE     FREE          FREE     FREE     FREE     FREE     FREE     FREE     FREE          FREE     FREE     FREE     FREE     FREE     FREE     FREE          FREE     FREE     FREE     FREE     FREE     FREE     FREE          FREE     FREE     FREE     FREE     FREE     FREE     FREE          FREE     FREE     FREE     FREE     FREE     FREE     FREE          FREE     FREE     FREE     FREE     FREE     FREE     FREE          FREE     FREE     FREE     FREE     FREE     FREE     FREE          FREE     FREE     FREE     FREE     FREE     FREE     FREE          FREE     FREE     FREE     FREE     FREE     FREE     FREE          FREE     FREE     FREE     FREE     FREE     FREE     FREE          FREE     FREE     FREE     FREE     FREE     FREE     FREE          FREE     FREE     FREE     FREE     FREE     FREE     FREE          FREE     FREE     FREE     FREE     FREE     FREE     FREE          FREE     FREE     FREE     FREE     FREE     FREE     FREE          FREE     FREE     FREE     FREE     FREE     FREE     FREE          FREE     FREE     FREE     FREE     FREE     FREE     FREE          FREE     FREE     FREE     FREE     FREE     FREE     FREE          FREE     FREE     FREE     FREE     FREE     FREE     FREE          FREE     FREE     FREE     FREE     FREE     FREE     FREE          FREE     JAWE     JAWE     FREE     FREE     FREE     FREE          FREE     FREE     FREE     FREE     FREE     FREE     FREE          FREE     FREE     FREE     FREE     FREE     FREE     FREE          FREE     FREE     FREE     FREE     FREE     FREE     FREE          FREE     FREE     FREE     FREE     FREE     FREE     FREE          
Test JAF 3  JA_F      FREE     FREE     FREE     FREE     FREE     FREE     FREE          FREE     FREE     FREE     FREE     FREE     FREE     FREE          FREE     FREE     FREE     FREE     FREE     FREE     FREE          FREE     FREE     FREE     FREE     FREE     FREE     FREE          FREE     FREE     FREE     FREE     FREE     FREE     FREE          FREE     FREE     FREE     FREE     FREE     FREE     FREE          FREE     FREE     FREE     FREE     FREE     FREE     FREE          FREE     FREE     FREE     FREE     FREE     FREE     FREE          FREE     FREE     FREE     FREE     FREE     FREE     FREE          FREE     FREE     FREE     FREE     FREE     FREE     FREE          FREE     FREE     FREE     FREE     FREE     FREE     FREE          FREE     FREE     FREE     FREE     FREE     FREE     FREE          FREE     FREE     FREE     FREE     FREE     FREE     FREE          FREE     FREE     FREE     FREE     FREE     FREE     FREE          FREE     FREE     FREE     FREE     FREE     FREE     FREE          FREE     FREE     FREE     FREE     FREE     FREE     FREE          FREE     FREE     FREE     FREE     FREE     FREE     FREE          FREE     FREE     FREE     FREE     FREE     FREE     FREE          FREE     FREE     FREE     FREE     FREE     FREE     FREE          FREE     FREE     FREE     FREE     FREE     FREE     FREE          FREE     FREE     FREE     FREE     FREE     FREE     FREE          FREE     FREE     FREE     FREE     FREE     FREE     FREE          FREE     JAWE     JAWE     FREE     FREE     FREE     FREE          FREE     FREE     FREE     FREE     FREE     FREE     FREE          FREE     FREE     FREE     FREE     FREE     FREE     FREE          FREE     FREE     FREE     FREE     FREE     FREE     FREE          
Test SA 1  SA        SAEW     SAEW     SAEW     SAEW     SAEW     SAEW     SAEW          FREE     FREE     FREE     FREE     FREE     FREE     FREE          FREE     FREE     FREE     FREE     FREE     FREE     FREE          FREE     FREE     FREE     FREE     FREE     FREE     FREE          FREE     FREE     FREE     FREE     FREE     FREE     FREE          SAEW     SAEW     SAEW     SAEW     SAEW     SAEW     SAEW          FREE     FREE     FREE     FREE     FREE     FREE     FREE          FREE     FREE     FREE     FREE     FREE     FREE     FREE          FREE     FREE     FREE     FREE     FREE     FREE     FREE          SAEW     SAEW     SAEW     SAEW     SAEW     SAEW     SAEW          FREE     FREE     FREE     FREE     FREE     FREE     FREE          FREE     FREE     FREE     FREE     FREE     FREE     FREE          FREE     FREE     FREE     FREE     FREE     FREE     FREE          CALL     CALL     CALL     CALL     CALL     CALL     CALL          FREE     FREE     FREE     FREE     FREE     FREE     FREE          FREE     FREE     FREE     FREE     FREE     FREE     FREE          FREE     FREE     FREE     FREE     FREE     FREE     FREE          FREE     FREE     FREE     FREE     FREE     FREE     FREE          FREE     FREE     FREE     FREE     FREE     FREE     FREE          FREE     FREE     FREE     FREE     FREE     FREE     FREE          FREE     FREE     FREE     FREE     FREE     FREE     FREE          FREE     FREE     FREE     FREE     FREE     FREE     FREE          FREE     FREE     FREE     FREE     FREE     FREE     FREE          FREE     FREE     FREE     FREE     FREE     FREE     FREE          FREE     FREE     FREE     FREE     FREE     FREE     FREE          FREE     FREE     FREE     FREE     FREE     FREE     FREE          
Test SA 2  SA        FREE     FREE     FREE     FREE     FREE     FREE     FREE          FREE     FREE     FREE     FREE     FREE     FREE     FREE          FREE     FREE     FREE     FREE     FREE     FREE     FREE          FREE     FREE     FREE     FREE     FREE     FREE     FREE          FREE     FREE     FREE     FREE     FREE     FREE     FREE          FREE     FREE     FREE     FREE     FREE     FREE     FREE          FREE     FREE     FREE     FREE     FREE     FREE     FREE          FREE     FREE     FREE     FREE     FREE     FREE     FREE          SAEW     SAEW     SAEW     SAEW     SAEW     SAEW     SAEW          FREE     FREE     FREE     FREE     FREE     FREE     FREE          FREE     FREE     FREE     FREE     FREE     FREE     FREE          FREE     FREE     FREE     FREE     FREE     FREE     FREE          FREE     FREE     FREE     FREE     FREE     FREE     FREE          FREE     FREE     FREE     FREE     FREE     FREE     FREE          FREE     SAWE     SAWE     FREE     FREE     FREE     FREE          FREE     FREE     FREE     FREE     FREE     FREE     FREE          FREE     FREE     FREE     FREE     FREE     FREE     FREE          FREE     FREE     FREE     FREE     FREE     FREE     FREE          FREE     FREE     FREE     FREE     FREE     FREE     FREE          FREE     FREE     FREE     FREE     FREE     FREE     FREE          FREE     FREE     FREE     FREE     FREE     FREE     FREE          FREE     FREE     FREE     FREE     FREE     FREE     FREE          FREE     FREE     FREE     FREE     FREE     FREE     FREE          FREE     FREE     FREE     FREE     FREE     FREE     FREE          FREE     FREE     FREE     FREE     FREE     FREE     FREE          FREE     FREE     FREE     FREE     FREE     FREE     FREE          
Test SA 3  SA        FREE     FREE     FREE     FREE     FREE     FREE     FREE          FREE     FREE     FREE     FREE     FREE     FREE     FREE          FREE     FREE     FREE     FREE     FREE     FREE     FREE          SAEW     SAEW     SAEW     SAEW     SAEW     SAEW     SAEW          FREE     FREE     FREE     FREE     FREE     FREE     FREE          FREE     FREE     FREE     FREE     FREE     FREE     FREE          FREE     FREE     FREE     FREE     FREE     FREE     FREE          FREE     FREE     FREE     FREE     FREE     FREE     FREE          FREE     FREE     FREE     FREE     FREE     FREE     FREE          FREE     FREE     FREE     FREE     FREE     FREE     FREE          FREE     FREE     FREE     FREE     FREE     FREE     FREE          FREE     FREE     FREE     FREE     FREE     FREE     FREE          FREE     FREE     FREE     FREE     FREE     FREE     FREE          FREE     SAWE     SAWE     FREE     FREE     FREE     FREE          FREE     FREE     FREE     FREE     FREE     FREE     FREE          FREE     FREE     FREE     FREE     FREE     FREE     FREE          CALL     CALL     CALL     CALL     CALL     CALL     CALL          FREE     FREE     FREE     FREE     FREE     FREE     FREE          FREE     FREE     FREE     FREE     FREE     FREE     FREE          FREE     FREE     FREE     FREE     FREE     FREE     FREE          FREE     FREE     FREE     FREE     FREE     FREE     FREE          FREE     FREE     FREE     FREE     FREE     FREE     FREE          FREE     FREE     FREE     FREE     FREE     FREE     FREE          FREE     FREE     FREE     FREE     FREE     FREE     FREE          FREE     FREE     FREE     FREE     FREE     FREE     FREE          FREE     FREE     FREE     FREE     FREE     FREE     FREE          
Test SAF 1  SA_F      FREE     FREE     FREE     FREE     FREE     FREE     FREE          FREE     FREE     FREE     FREE     FREE     FREE     FREE          FREE     FREE     FREE     FREE     FREE     FREE     FREE          FREE     FREE     FREE     FREE     FREE     FREE     FREE          FREE     FREE     FREE     FREE     FREE     FREE     FREE          FREE     FREE     FREE     FREE     FREE     FREE     FREE          FREE     FREE     FREE     FREE     FREE     FREE     FREE          FREE     FREE     FREE     FREE     FREE     FREE     FREE          FREE     FREE     FREE     FREE     FREE     FREE     FREE          FREE     FREE     FREE     FREE     FREE     FREE     FREE          FREE     FREE     FREE     FREE     FREE     FREE     FREE          FREE     FREE     FREE     FREE     FREE     FREE     FREE          FREE     FREE     FREE     FREE     FREE     FREE     FREE          FREE     FREE     FREE     FREE     FREE     FREE     FREE          CALL     CALL     CALL     CALL     CALL     CALL     CALL          FREE     FREE     FREE     FREE     FREE     FREE     FREE          FREE     FREE     FREE     FREE     FREE     FREE     FREE          FREE     FREE     FREE     FREE     FREE     FREE     FREE          CALL     CALL     CALL     CALL     CALL     CALL     CALL          FREE     FREE     FREE     FREE     FREE     FREE     FREE          FREE     FREE     FREE     FREE     FREE     FREE     FREE          FREE     FREE     FREE     FREE     FREE     FREE     FREE          CALL     CALL     CALL     CALL     CALL     CALL     CALL          FREE     FREE     FREE     FREE     FREE     FREE     FREE          FREE     FREE     FREE     FREE     FREE     FREE     FREE          FREE     FREE     FREE     FREE     FREE     FREE     FREE          
Test SAF 2  SA_F      FREE     FREE     FREE     FREE     FREE     FREE     FREE          FREE     FREE     FREE     FREE     FREE     FREE     FREE          FREE     FREE     FREE     FREE     FREE     FREE     FREE          FREE     FREE     FREE     FREE     FREE     FREE     FREE          FREE     FREE     FREE     FREE     FREE     FREE     FREE          FREE     FREE     FREE     FREE     FREE     FREE     FREE          FREE     FREE     FREE     FREE     FREE     FREE     FREE          FREE     FREE     FREE     FREE     FREE     FREE     FREE          FREE     FREE     FREE     FREE     FREE     FREE     FREE          CALL     CALL     CALL     CALL     CALL     CALL     CALL          FREE     FREE     FREE     FREE     FREE     FREE     FREE          FREE     FREE     FREE     FREE     FREE     FREE     FREE          FREE     FREE     FREE     FREE     FREE     FREE     FREE          FREE     FREE     FREE     FREE     FREE     FREE     FREE          FREE     FREE     FREE     FREE     FREE     FREE     FREE          CALL     CALL     CALL     CALL     CALL     CALL     CALL          FREE     FREE     FREE     FREE     FREE     FREE     FREE          FREE     FREE     FREE     FREE     FREE     FREE     FREE          FREE     FREE     FREE     FREE     FREE     FREE     FREE          FREE     FREE     FREE     FREE     FREE     FREE     FREE          FREE     FREE     FREE     FREE     FREE     FREE     FREE          FREE     FREE     FREE     FREE     FREE     FREE     FREE          FREE     FREE     FREE     FREE     FREE     FREE     FREE          FREE     FREE     FREE     FREE     FREE     FREE     FREE          FREE     FREE     FREE     FREE     FREE     FREE     FREE          FREE     SAWE     SAWE     FREE     FREE     FREE     FREE          
Test SAN 1  SA_NEO    FREE     FREE     FREE     FREE     FREE     FREE     FREE          FREE     FREE     FREE     FREE     FREE     FREE     FREE          FREE     FREE     FREE     FREE     FREE     FREE     FREE          FREE     FREE     FREE     FREE     FREE     FREE     FREE          FREE     FREE     FREE     FREE     FREE     FREE     FREE          FREE     FREE     FREE     FREE     FREE     FREE     FREE          FREE     FREE     FREE     FREE     FREE     FREE     FREE          FREE     FREE     FREE     FREE     FREE     FREE     FREE          FREE     FREE     FREE     FREE     FREE     FREE     FREE          FREE     FREE     FREE     FREE     FREE     FREE     FREE          FREE     SAWE     SAWE     FREE     FREE     FREE     FREE          FREE     FREE     FREE     FREE     FREE     FREE     FREE          FREE     FREE     FREE     FREE     FREE     FREE     FREE          FREE     TPWE     TPWE     FREE     FREE     FREE     FREE          FREE     FREE     FREE     FREE     FREE     FREE     FREE          FREE     FREE     FREE     FREE     FREE     FREE     FREE          FREE     TPWE     TPWE     FREE     FREE     FREE     FREE          FREE     FREE     FREE     FREE     FREE     FREE     FREE          FREE     FREE     FREE     FREE     FREE     FREE     FREE          FREE     FREE     FREE     FREE     FREE     FREE     FREE          FREE     FREE     FREE     FREE     FREE     FREE     FREE          FREE     FREE     FREE     FREE     FREE     FREE     FREE          FREE     FREE     FREE     FREE     FREE     FREE     FREE          FREE     FREE     FREE     FREE     FREE     FREE     FREE          FREE     FREE     FREE     FREE     FREE     FREE     FREE          FREE     FREE     FREE     FREE     FREE     FREE     FREE          
Test SAN 2  SA_NEO    FREE     FREE     FREE     FREE     FREE     FREE     FREE          FREE     FREE     FREE     FREE     FREE     FREE     FREE          FREE     FREE     FREE     FREE     FREE     FREE     FREE          FREE     FREE     FREE     FREE     FREE     FREE     FREE          FREE     FREE     FREE     FREE     FREE     FREE     FREE          FREE     TPWE     TPWE     FREE     FREE     FREE     FREE          FREE     FREE     FREE     FREE     FREE     FREE     FREE          FREE     FREE     FREE     FREE     FREE     FREE     FREE          FREE     FREE     FREE     FREE     FREE     FREE     FREE          FREE     FREE     FREE     FREE     FREE     FREE     FREE          FREE     FREE     FREE     FREE     FREE     FREE     FREE          SAEW     SAEW     SAEW     SAEW     SAEW     SAEW     SAEW          FREE     FREE     FREE     FREE     FREE     FREE     FREE          FREE     FREE     FREE     FREE     FREE     FREE     FREE          SAEW     SAEW     SAEW     SAEW     SAEW     SAEW     SAEW          FREE     FREE     FREE     FREE     FREE     FREE     FREE          FREE     FREE     FREE     FREE     FREE     FREE     FREE          FREE     FREE     FREE     FREE     FREE     FREE     FREE          FREE     FREE     FREE     FREE     FREE     FREE     FREE          FREE     SAWE     SAWE     FREE     FREE     FREE     FREE          FREE     FREE     FREE     FREE     FREE     FREE     FREE          FREE     FREE     FREE     FREE     FREE     FREE     FREE          SAEW     SAEW     SAEW     SAEW     SAEW     SAEW     SAEW          FREE     FREE     FREE     FREE     FREE     FREE     FREE          FREE     FREE     FREE     FREE     FREE     FREE     FREE          SAEW     SAEW     SAEW     SAEW     SAEW     SAEW     SAEW          
Test SAN 3  SA_NEO    FREE     FREE     FREE     FREE     FREE     FREE     FREE          FREE     FREE     FREE     FREE     FREE     FREE     FREE          SAEW     SAEW     SAEW     SAEW     SAEW     SAEW     SAEW          FREE     FREE     FREE     FREE     FREE     FREE     FREE          FREE     FREE     FREE     FREE     FREE     FREE     FREE          FREE     FREE     FREE     FREE     FREE     FREE     FREE          FREE     FREE     FREE     FREE     FREE     FREE     FREE          FREE     FREE     FREE     FREE     FREE     FREE     FREE          FREE     FREE     FREE     FREE     FREE     FREE     FREE          FREE     FREE     FREE     FREE     FREE     FREE     FREE          FREE     FREE     FREE     FREE     FREE     FREE     FREE          FREE     FREE     FREE     FREE     FREE     FREE     FREE          FREE     FREE     FREE     FREE     FREE     FREE     FREE          FREE     FREE     FREE     FREE     FREE     FREE     FREE          FREE     TPWE     TPWE     FREE     FREE     FREE     FREE          FREE     FREE     FREE     FREE     FREE     FREE     FREE          FREE     FREE     FREE     FREE     FREE     FREE     FREE          FREE     FREE     FREE     FREE     FREE     FREE     FREE          FREE     FREE     FREE     FREE     FREE     FREE     FREE          FREE     FREE     FREE     FREE     FREE     FREE     FREE          FREE     FREE     FREE     FREE     FREE     FREE     FREE          FREE     FREE     FREE     FREE     FREE     FREE     FREE          FREE     FREE     FREE     FREE     FREE     FREE     FREE          FREE     FREE     FREE     FREE     FREE     FREE     FREE          FREE     FREE     FREE     FREE     FREE     FREE     FREE          FREE     FREE     FREE     FREE     FREE     FREE     FREE          
Test SAN 4  SA_NEO    FREE     FREE     FREE     FREE     FREE     FREE     FREE          FREE     FREE     FREE     FREE     FREE     FREE     FREE          FREE     FREE     FREE     FREE     FREE     FREE     FREE          FREE     FREE     FREE     FREE     FREE     FREE     FREE          FREE     FREE     FREE     FREE     FREE     FREE     FREE          FREE     FREE     FREE     FREE     FREE     FREE     FREE          CALL     CALL     CALL     CALL     CALL     CALL     CALL          FREE     FREE     FREE     FREE     FREE     FREE     FREE          FREE     FREE     FREE     FREE     FREE     FREE     FREE          FREE     FREE     FREE     FREE     FREE     FREE     FREE          FREE     FREE     FREE     FREE     FREE     FREE     FREE          FREE     FREE     FREE     FREE     FREE     FREE     FREE          SAEW     SAEW     SAEW     SAEW     SAEW     SAEW     SAEW          FREE     FREE     FREE     FREE     FREE     FREE     FREE          FREE     FREE     FREE     FREE     FREE     FREE     FREE          FREE     FREE     FREE     FREE     FREE     FREE     FREE          FREE     FREE     FREE     FREE     FREE     FREE     FREE          FREE     FREE     FREE     FREE     FREE     FREE     FREE          FREE     FREE     FREE     FREE     FREE     FREE     FREE          FREE     FREE     FREE     FREE     FREE     FREE     FREE          FREE     FREE     FREE     FREE     FREE     FREE     FREE          FREE     FREE     FREE     FREE     FREE     FREE     FREE          FREE     FREE     FREE     FREE     FREE     FREE     FREE          SAEW     SAEW     SAEW     SAEW     SAEW     SAEW     SAEW          FREE     FREE     FREE     FREE     FREE     FREE     FREE          FREE     FREE     FREE     FREE     FREE     FREE     FREE          
Test SAN 5  SA_NEO    FREE     FREE     FREE     FREE     FREE     FREE     FREE          FREE     FREE     FREE     FREE     FREE     FREE     FREE          FREE     FREE     FREE     FREE     FREE     FREE     FREE          FREE     FREE     FREE     FREE     FREE     FREE     FREE          CALL     CALL     CALL     CALL     CALL     CALL     CALL          FREE     FREE     FREE     FREE     FREE     FREE     FREE          FREE     FREE     FREE     FREE     FREE     FREE     FREE          FREE     TPWE     TPWE     FREE     FREE     FREE     FREE          FREE     FREE     FREE     FREE     FREE     FREE     FREE          FREE     TPWE     TPWE     FREE     FREE     FREE     FREE          FREE     FREE     FREE     FREE     FREE     FREE     FREE          FREE     FREE     FREE     FREE     FREE     FREE     FREE          FREE     FREE     FREE     FREE     FREE     FREE     FREE          FREE     FREE     FREE     FREE     FREE     FREE     FREE          FREE     FREE     FREE     FREE     FREE     FREE     FREE          SAEW     SAEW     SAEW     SAEW     SAEW     SAEW     SAEW          FREE     FREE     FREE     FREE     FREE     FREE     FREE          FREE     FREE     FREE     FREE     FREE     FREE     FREE          FREE     FREE     FREE     FREE     FREE     FREE     FREE          CALL     CALL     CALL     CALL     CALL     CALL     CALL          FREE     FREE     FREE     FREE     FREE     FREE     FREE          FREE     FREE     FREE     FREE     FREE     FREE     FREE          FREE     FREE     FREE     FREE     FREE     FREE     FREE          FREE     TPWE     TPWE     FREE     FREE     FREE     FREE          FREE     FREE     FREE     FREE     FREE     FREE     FREE          FREE     TPWE     TPWE     FREE     FREE     FREE     FREE          
Test SAFN 1  SA_F_NEO  FREE     FREE     FREE     FREE     FREE     FREE     FREE          FREE     FREE     FREE     FREE     FREE     FREE     FREE          FREE     FREE     FREE     FREE     FREE     FREE     FREE          FREE     FREE     FREE     FREE     FREE     FREE     FREE          FREE     TPWE     TPWE     FREE     FREE     FREE     FREE          FREE     FREE     FREE     FREE     FREE     FREE     FREE          FREE     FREE     FREE     FREE     FREE     FREE     FREE          FREE     FREE     FREE     FREE     FREE     FREE     FREE          FREE     FREE     FREE     FREE     FREE     FREE     FREE          FREE     FREE     FREE     FREE     FREE     FREE     FREE          FREE     FREE     FREE     FREE     FREE     FREE     FREE          FREE     FREE     FREE     FREE     FREE     FREE     FREE          FREE     FREE     FREE     FREE     FREE     FREE     FREE          FREE     FREE     FREE     FREE     FREE     FREE     FREE          FREE     FREE     FREE     FREE     FREE     FREE     FREE          FREE     FREE     FREE     FREE     FREE     FREE     FREE          FREE     FREE     FREE     FREE     FREE     FREE     FREE          FREE     TPWE     TPWE     FREE     FREE     FREE     FREE          FREE     FREE     FREE     FREE     FREE     FREE     FREE          FREE     FREE     FREE     FREE     FREE     FREE     FREE          FREE     FREE     FREE     FREE     FREE     FREE     FREE          FREE     TPWE     TPWE     FREE     FREE     FREE     FREE          FREE     FREE     FREE     FREE     FREE     FREE     FREE          FREE     FREE     FREE     FREE     FREE     FREE     FREE          FREE     FREE     FREE     FREE     FREE     FREE     FREE          FREE     FREE     FREE     FREE     FREE     FREE     FREE          
Test SAFN 2  SA_F_NEO  CALL     CALL     CALL     CALL     CALL     CALL     CALL          FREE     FREE     FREE     FREE     FREE     FREE     FREE          FREE     FREE     FREE     FREE     FREE     FREE     FREE          FREE     FREE     FREE     FREE     FREE     FREE     FREE          FREE     FREE     FREE     FREE     FREE     FREE     FREE          FREE     FREE     FREE     FREE     FREE     FREE     FREE          FREE     FREE     FREE     FREE     FREE     FREE     FREE          FREE     FREE     FREE     FREE     FREE     FREE     FREE          FREE     FREE     FREE     FREE     FREE     FREE     FREE          FREE     FREE     FREE     FREE     FREE     FREE     FREE          FREE     FREE     FREE     FREE     FREE     FREE     FREE          FREE     TPWE     TPWE     FREE     FREE     FREE     FREE          FREE     FREE     FREE     FREE     FREE     FREE     FREE          FREE     FREE     FREE     FREE     FREE     FREE     FREE          FREE     FREE     FREE     FREE     FREE     FREE     FREE          FREE     FREE     FREE     FREE     FREE     FREE     FREE          FREE     FREE     FREE     FREE     FREE     FREE     FREE          FREE     FREE     FREE     FREE     FREE     FREE     FREE          FREE     FREE     FREE     FREE     FREE     FREE     FREE          FREE     FREE     FREE     FREE     FREE     FREE     FREE          FREE     FREE     FREE     FREE     FREE     FREE     FREE          FREE     FREE     FREE     FREE     FREE     FREE     FREE          FREE     FREE     FREE     FREE     FREE     FREE     FREE          FREE     FREE     FREE     FREE     FREE     FREE     FREE          FREE     FREE     FREE     FREE     FREE     FREE     FREE          FREE     FREE     FREE     FREE     FREE     FREE     FREE          
Test JA 5  JA        FREE     FREE     FREE     FREE     FREE     FREE     FREE          FREE     FREE     FREE     FREE     FREE     FREE     FREE          FREE     FREE     FREE     FREE     FREE     FREE     FREE          FREE     FREE     FREE     FREE     FREE     FREE     FREE          FREE     FREE     FREE     FREE     FREE     FREE     FREE          JANW     JANW     JANW     JANW     JANW     JANW     JANW          FREE     FREE     FREE     FREE     FREE     FREE     FREE          FREE     FREE     FREE     FREE     FREE     FREE     FREE          FREE     FREE     FREE     FREE     FREE     FREE     FREE          FREE     FREE     FREE     FREE     FREE     FREE     FREE          FREE     FREE     FREE     FREE     FREE     FREE     FREE          JANW     JANW     JANW     JANW     JANW     JANW     JANW          FREE     FREE     FREE     FREE     FREE     FREE     FREE          FREE     FREE     FREE     FREE     FREE     FREE     FREE          FREE     FREE     FREE     FREE     FREE     FREE     FREE          FREE     FREE     FREE     FREE     FREE     FREE     FREE          FREE     FREE     FREE     FREE     FREE     FREE     FREE          JANW     JANW     JANW     JANW     JANW     JANW     JANW          FREE     FREE     FREE     FREE     FREE     FREE     FREE          FREE     FREE     FREE     FREE     FREE     FREE     FREE          FREE     FREE     FREE     FREE     FREE     FREE     FREE          FREE     FREE     FREE     FREE     FREE     FREE     FREE          JANW     JANW     JANW     JANW     JANW     JANW     JANW          FREE     FREE     FREE     FREE     FREE     FREE     FREE          FREE     FREE     FREE     FREE     FREE     FREE     FREE          FREE     FREE     FREE     FREE     FREE     FREE     FREE          
Test JA 6  JA        FREE     FREE     FREE     FREE     FREE     FREE     FREE          FREE     FREE     FREE     FREE     FREE     FREE     FREE          FREE     FREE     FREE     FREE     FREE     FREE     FREE          FREE     FREE     FREE     FREE     FREE     FREE     FREE          FREE     FREE     FREE     FREE     FREE     FREE     FREE          FREE     FREE     FREE     FREE     FREE     FREE     FREE          FREE     FREE     FREE     FREE     FREE     FREE     FREE          JANW     JANW     JANW     JANW     JANW     JANW     JANW          FREE     FREE     FREE     FREE     FREE     FREE     FREE          FREE     FREE     FREE     FREE     FREE     FREE     FREE          FREE     FREE     FREE     FREE     FREE     FREE     FREE          FREE     FREE     FREE     FREE     FREE     FREE     FREE          FREE     FREE     FREE     FREE     FREE     FREE     FREE          FREE     JAWE     JAWE     FREE     FREE     FREE     FREE          FREE     FREE     FREE     FREE     FREE     FREE     FREE          FREE     FREE     FREE     FREE     FREE     FREE     FREE          FREE     JAWE     JAWE     FREE     FREE     FREE     FREE          FREE     FREE     FREE     FREE     FREE     FREE     FREE          FREE     FREE     FREE     FREE     FREE     FREE     FREE          FREE     FREE     FREE     FREE     FREE     FREE     FREE          FREE     FREE     FREE     FREE     FREE     FREE     FREE          FREE     FREE     FREE     FREE     FREE     FREE     FREE          FREE     FREE     FREE     FREE     FREE     FREE     FREE          FREE     FREE     FREE     FREE     FREE     FREE     FREE          FREE     FREE     FREE     FREE     FREE     FREE     FREE          FREE     FREE     FREE     FREE     FREE     FREE     FREE          
Test JA 7  JA        FREE     FREE     FREE     FREE     FREE     FREE     FREE          FREE     FREE     FREE     FREE     FREE     FREE     FREE          FREE     FREE     FREE     FREE     FREE     FREE     FREE          FREE     FREE     FREE     FREE     FREE     FREE     FREE          FREE     FREE     FREE     FREE     FREE     FREE     FREE          FREE     JAWE     JAWE     FREE     FREE     FREE     FREE          FREE     FREE     FREE     FREE     FREE     FREE     FREE          FREE     FREE     FREE     FREE     FREE     FREE     FREE          FREE     FREE     FREE     FREE     FREE     FREE     FREE          FREE     FREE     FREE     FREE     FREE     FREE     FREE          FREE     FREE     FREE     FREE     FREE     FREE     FREE          FREE     FREE     FREE     FREE     FREE     FREE     FREE          FREE     FREE     FREE     FREE     FREE     FREE     FREE          FREE     FREE     FREE     FREE     FREE     FREE     FREE          FREE     FREE     FREE     FREE     FREE     FREE     FREE          FREE     FREE     FREE     FREE     FREE     FREE     FREE          FREE     FREE     FREE     FREE     FREE     FREE     FREE          FREE     FREE     FREE     FREE     FREE     FREE     FREE          FREE     FREE     FREE     FREE     FREE     FREE     FREE          FREE     FREE     FREE     FREE     FREE     FREE     FREE          FREE     FREE     FREE     FREE     FREE     FREE     FREE          JANW     JANW     JANW     JANW     JANW     JANW     JANW          FREE     FREE     FREE     FREE     FREE     FREE     FREE          FREE     FREE     FREE     FREE     FREE     FREE     FREE          FREE     FREE     FREE     FREE     FREE     FREE     FREE          FREE     FREE     FREE     FREE     FREE     FREE     FREE          
Test JAF  4  JA_F      FREE     FREE     FREE     FREE     FREE     FREE     FREE          FREE     FREE     FREE     FREE     FREE     FREE     FREE          FREE     FREE     FREE     FREE     FREE     FREE     FREE          FREE     FREE     FREE     FREE     FREE     FREE     FREE          FREE     FREE     FREE     FREE     FREE     FREE     FREE          FREE     FREE     FREE     FREE     FREE     FREE     FREE          FREE     FREE     FREE     FREE     FREE     FREE     FREE          FREE     FREE     FREE     FREE     FREE     FREE     FREE          FREE     FREE     FREE     FREE     FREE     FREE     FREE          FREE     FREE     FREE     FREE     FREE     FREE     FREE          FREE     FREE     FREE     FREE     FREE     FREE     FREE          FREE     FREE     FREE     FREE     FREE     FREE     FREE          FREE     FREE     FREE     FREE     FREE     FREE     FREE          FREE     FREE     FREE     FREE     FREE     FREE     FREE          FREE     FREE     FREE     FREE     FREE     FREE     FREE          FREE     FREE     FREE     FREE     FREE     FREE     FREE          FREE     FREE     FREE     FREE     FREE     FREE     FREE          FREE     FREE     FREE     FREE     FREE     FREE     FREE          FREE     FREE     FREE     FREE     FREE     FREE     FREE          FREE     FREE     FREE     FREE     FREE     FREE     FREE          FREE     FREE     FREE     FREE     FREE     FREE     FREE          FREE     FREE     FREE     FREE     FREE     FREE     FREE          FREE     FREE     FREE     FREE     FREE     FREE     FREE          FREE     FREE     FREE     FREE     FREE     FREE     FREE          FREE     FREE     FREE     FREE     FREE     FREE     FREE          FREE     FREE     FREE     FREE     FREE     FREE     FREE          
Test SA 4  SA        FREE     FREE     FREE     FREE     FREE     FREE     FREE          SAEW     SAEW     SAEW     SAEW     SAEW     SAEW     SAEW          FREE     FREE     FREE     FREE     FREE     FREE     FREE          FREE     FREE     FREE     FREE     FREE     FREE     FREE          FREE     FREE     FREE     FREE     FREE     FREE     FREE          FREE     FREE     FREE     FREE     FREE     FREE     FREE          FREE     FREE     FREE     FREE     FREE     FREE     FREE          FREE     FREE     FREE     FREE     FREE     FREE     FREE          FREE     FREE     FREE     FREE     FREE     FREE     FREE          FREE     FREE     FREE     FREE     FREE     FREE     FREE          FREE     FREE     FREE     FREE     FREE     FREE     FREE          FREE     FREE     FREE     FREE     FREE     FREE     FREE          FREE     FREE     FREE     FREE     FREE     FREE     FREE          FREE     FREE     FREE     FREE     FREE     FREE     FREE          FREE     FREE     FREE     FREE     FREE     FREE     FREE          FREE     FREE     FREE     FREE     FREE     FREE     FREE          FREE     FREE     FREE     FREE     FREE     FREE     FREE          FREE     FREE     FREE     FREE     FREE     FREE     FREE          FREE     FREE     FREE     FREE     FREE     FREE     FREE          FREE     FREE     FREE     FREE     FREE     FREE     FREE          FREE     FREE     FREE     FREE     FREE     FREE     FREE          FREE     FREE     FREE     FREE     FREE     FREE     FREE          FREE     FREE     FREE     FREE     FREE     FREE     FREE          FREE     FREE     FREE     FREE     FREE     FREE     FREE          FREE     FREE     FREE     FREE     FREE     FREE     FREE          FREE     FREE     FREE     FREE     FREE     FREE     FREE          
Test SA  5  SA        FREE     SAWE     SAWE     FREE     FREE     FREE     FREE          FREE     FREE     FREE     FREE     FREE     FREE     FREE          FREE     FREE     FREE     FREE     FREE     FREE     FREE          FREE     FREE     FREE     FREE     FREE     FREE     FREE          FREE     FREE     FREE     FREE     FREE     FREE     FREE          FREE     FREE     FREE     FREE     FREE     FREE     FREE          SAEW     SAEW     SAEW     SAEW     SAEW     SAEW     SAEW          FREE     FREE     FREE     FREE     FREE     FREE     FREE          FREE     FREE     FREE     FREE     FREE     FREE     FREE          FREE     FREE     FREE     FREE     FREE     FREE     FREE          FREE     FREE     FREE     FREE     FREE     FREE     FREE          FREE     FREE     FREE     FREE     FREE     FREE     FREE          FREE     FREE     FREE     FREE     FREE     FREE     FREE          FREE     FREE     FREE     FREE     FREE     FREE     FREE          FREE     FREE     FREE     FREE     FREE     FREE     FREE          FREE     FREE     FREE     FREE     FREE     FREE     FREE          FREE     FREE     FREE     FREE     FREE     FREE     FREE          FREE     FREE     FREE     FREE     FREE     FREE     FREE          FREE     FREE     FREE     FREE     FREE     FREE     FREE          FREE     FREE     FREE     FREE     FREE     FREE     FREE          FREE     FREE     FREE     FREE     FREE     FREE     FREE          FREE     FREE     FREE     FREE     FREE     FREE     FREE          FREE     FREE     FREE     FREE     FREE     FREE     FREE          FREE     FREE     FREE     FREE     FREE     FREE     FREE          FREE     FREE     FREE     FREE     FREE     FREE     FREE          CALL     CALL     CALL     CALL     CALL     CALL     CALL          
Test SAF 3   SA_F      FREE     FREE     FREE     FREE     FREE     FREE     FREE          FREE     FREE     FREE     FREE     FREE     FREE     FREE          FREE     FREE     FREE     FREE     FREE     FREE     FREE          FREE     FREE     FREE     FREE     FREE     FREE     FREE          FREE     FREE     FREE     FREE     FREE     FREE     FREE          FREE     FREE     FREE     FREE     FREE     FREE     FREE          FREE     FREE     FREE     FREE     FREE     FREE     FREE          FREE     FREE     FREE     FREE     FREE     FREE     FREE          FREE     FREE     FREE     FREE     FREE     FREE     FREE          FREE     FREE     FREE     FREE     FREE     FREE     FREE          FREE     FREE     FREE     FREE     FREE     FREE     FREE          FREE     FREE     FREE     FREE     FREE     FREE     FREE          FREE     FREE     FREE     FREE     FREE     FREE     FREE          FREE     FREE     FREE     FREE     FREE     FREE     FREE          FREE     FREE     FREE     FREE     FREE     FREE     FREE          FREE     FREE     FREE     FREE     FREE     FREE     FREE          FREE     FREE     FREE     FREE     FREE     FREE     FREE          FREE     FREE     FREE     FREE     FREE     FREE     FREE          FREE     FREE     FREE     FREE     FREE     FREE     FREE          FREE     FREE     FREE     FREE     FREE     FREE     FREE          FREE     FREE     FREE     FREE     FREE     FREE     FREE          FREE     FREE     FREE     FREE     FREE     FREE     FREE          FREE     FREE     FREE     FREE     FREE     FREE     FREE          FREE     FREE     FREE     FREE     FREE     FREE     FREE          FREE     FREE     FREE     FREE     FREE     FREE     FREE          FREE     FREE     FREE     FREE     FREE     FREE     FREE          
Test SAN  6  SA_NEO    FREE     FREE     FREE     FREE     FREE     FREE     FREE          FREE     FREE     FREE     FREE     FREE     FREE     FREE          FREE     FREE     FREE     FREE     FREE     FREE     FREE          FREE     FREE     FREE     FREE     FREE     FREE     FREE          FREE     FREE     FREE     FREE     FREE     FREE     FREE          FREE     FREE     FREE     FREE     FREE     FREE     FREE          FREE     FREE     FREE     FREE     FREE     FREE     FREE          FREE     FREE     FREE     FREE     FREE     FREE     FREE          FREE     FREE     FREE     FREE     FREE     FREE     FREE          FREE     FREE     FREE     FREE     FREE     FREE     FREE          FREE     FREE     FREE     FREE     FREE     FREE     FREE          FREE     FREE     FREE     FREE     FREE     FREE     FREE          FREE     TPWE     TPWE     FREE     FREE     FREE     FREE          FREE     FREE     FREE     FREE     FREE     FREE     FREE          FREE     FREE     FREE     FREE     FREE     FREE     FREE          FREE     FREE     FREE     FREE     FREE     FREE     FREE          FREE     FREE     FREE     FREE     FREE     FREE     FREE          SAEW     SAEW     SAEW     SAEW     SAEW     SAEW     SAEW          FREE     FREE     FREE     FREE     FREE     FREE     FREE          FREE     FREE     FREE     FREE     FREE     FREE     FREE          FREE     FREE     FREE     FREE     FREE     FREE     FREE          FREE     FREE     FREE     FREE     FREE     FREE     FREE          FREE     FREE     FREE     FREE     FREE     FREE     FREE          FREE     FREE     FREE     FREE     FREE     FREE     FREE          FREE     FREE     FREE     FREE     FREE     FREE     FREE          FREE     FREE     FREE     FREE     FREE     FREE     FREE          
Test SAN  7   SA_NEO    FREE     FREE     FREE     FREE     FREE     FREE     FREE          FREE     FREE     FREE     FREE     FREE     FREE     FREE          FREE     FREE     FREE     FREE     FREE     FREE     FREE          CALL     CALL     CALL     CALL     CALL     CALL     CALL          FREE     FREE     FREE     FREE     FREE     FREE     FREE          FREE     FREE     FREE     FREE     FREE     FREE     FREE          FREE     FREE     FREE     FREE     FREE     FREE     FREE          FREE     FREE     FREE     FREE     FREE     FREE     FREE          FREE     FREE     FREE     FREE     FREE     FREE     FREE          FREE     FREE     FREE     FREE     FREE     FREE     FREE          FREE     FREE     FREE     FREE     FREE     FREE     FREE          FREE     FREE     FREE     FREE     FREE     FREE     FREE          FREE     FREE     FREE     FREE     FREE     FREE     FREE          FREE     FREE     FREE     FREE     FREE     FREE     FREE          FREE     FREE     FREE     FREE     FREE     FREE     FREE          FREE     FREE     FREE     FREE     FREE     FREE     FREE          FREE     FREE     FREE     FREE     FREE     FREE     FREE          FREE     FREE     FREE     FREE     FREE     FREE     FREE          FREE     SAWE     SAWE     FREE     FREE     FREE     FREE          FREE     FREE     FREE     FREE     FREE     FREE     FREE          FREE     TPWE     TPWE     FREE     FREE     FREE     FREE          FREE     FREE     FREE     FREE     FREE     FREE     FREE          FREE     FREE     FREE     FREE     FREE     FREE     FREE          FREE     FREE     FREE     FREE     FREE     FREE     FREE          FREE     FREE     FREE     FREE     FREE     FREE     FREE          FREE     FREE     FREE     FREE     FREE     FREE     FREE          
Test SAFN 3     SA_F_NEO  FREE     FREE     FREE     FREE     FREE     FREE     FREE          FREE     FREE     FREE     FREE     FREE     FREE     FREE          FREE     SAWE     SAWE     FREE     FREE     FREE     FREE          FREE     FREE     FREE     FREE     FREE     FREE     FREE          FREE     FREE     FREE     FREE     FREE     FREE     FREE          FREE     FREE     FREE     FREE     FREE     FREE     FREE          FREE     TPWE     TPWE     FREE     FREE     FREE     FREE          FREE     FREE     FREE     FREE     FREE     FREE     FREE          FREE     TPWE     TPWE     FREE     FREE     FREE     FREE          FREE     FREE     FREE     FREE     FREE     FREE     FREE          FREE     FREE     FREE     FREE     FREE     FREE     FREE          FREE     FREE     FREE     FREE     FREE     FREE     FREE          FREE     FREE     FREE     FREE     FREE     FREE     FREE          FREE     FREE     FREE     FREE     FREE     FREE     FREE          FREE     FREE     FREE     FREE     FREE     FREE     FREE          FREE     FREE     FREE     FREE     FREE     FREE     FREE          FREE     SAWE     SAWE     FREE     FREE     FREE     FREE          FREE     FREE     FREE     FREE     FREE     FREE     FREE          FREE     FREE     FREE     FREE     FREE     FREE     FREE          FREE     TPWE     TPWE     FREE     FREE     FREE     FREE          FREE     FREE     FREE     FREE     FREE     FREE     FREE          FREE     FREE     FREE     FREE     FREE     FREE     FREE          FREE     FREE     FREE     FREE     FREE     FREE     FREE          FREE     FREE     FREE     FREE     FREE     FREE     FREE          FREE     FREE     FREE     FREE     FREE     FREE     FREE          FREE     FREE     FREE     FREE     FREE     FREE     FREE          

----------------------------------------------------------------------------------------------
SCORES: [424.0, 544.0] | 484.0

0 Test JA 1 Schedule 1
1 Test JAF 1 Schedule 1
2 Test JA 2 Schedule 1
3 Test JA 3 Schedule 2
4 Test JA 4 Schedule 2
5 Test JAF 2 Schedule 2
6 Test JAF 3 Schedule 1
7 Test SA 1 Schedule 2
8 Test SA 2 Schedule 2
9 Test SA 3 Schedule 2
10 Test SAF 1 Schedule 2
11 Test SAF 2 Schedule 1
12 Test SAN 1 Schedule 1
13 Test SAN 2 Schedule 1
14 Test SAN 3 Schedule 1
15 Test SAN 4 Schedule 1
16 Test SAN 5 Schedule 1
17 Test SAFN 1 Schedule 2
18 Test SAFN 2 Schedule 1
19 Test JA 5 Schedule 1
20 Test JA 6 Schedule 1
21 Test JA 7 Schedule 2
22 Test JAF  4 Schedule 2
23 Test SA 4 Schedule 2
24 Test SA  5 Schedule 1
25 Test SAF 3  Schedule 1
26 Test SAN  6 Schedule 1
27 Test SAN  7  Schedule 2
28 Test SAFN 3    Schedule 1

0 Test JA 1 Schedule 1
1 Test JAF 1 Schedule 2
2 Test JA 2 Schedule 1
3 Test JA 3 Schedule 2
4 Test JA 4 Schedule 2
5 Test JAF 2 Schedule 1
6 Test JAF 3 Schedule 1
7 Test SA 1 Schedule 2
8 Test SA 2 Schedule 1
9 Test SA 3 Schedule 2
10 Test SAF 1 Schedule 2
11 Test SAF 2 Schedule 1
12 Test SAN 1 Schedule 2
13 Test SAN 2 Schedule 1
14 Test SAN 3 Schedule 1
15 Test SAN 4 Schedule 1
16 Test SAN 5 Schedule 1
17 Test SAFN 1 Schedule 2
18 Test SAFN 2 Schedule 2
19 Test JA 5 Schedule 2
20 Test JA 6 Schedule 2
21 Test JA 7 Schedule 1
22 Test JAF  4 Schedule 2
23 Test SA 4 Schedule 2
24 Test SA  5 Schedule 1
25 Test SAF 3  Schedule 1
26 Test SAN  6 Schedule 1
27 Test SAN  7  Schedule 2
28 Test SAFN 3    Schedule 1
SCORES: [559.0] | 564.0
Result:                     WEEK 0                                                              WEEK 1                                                              WEEK 2                                                              WEEK 3                                                              WEEK 4                                                              WEEK 5                                                              WEEK 6                                                              WEEK 7                                                              WEEK 8                                                              WEEK 9                                                              WEEK 10                                                             WEEK 11                                                             WEEK 12                                                             WEEK 13                                                             WEEK 14                                                             WEEK 15                                                             WEEK 16                                                             WEEK 17                                                             WEEK 18                                                             WEEK 19                                                             WEEK 20                                                             WEEK 21                                                             WEEK 22                                                             WEEK 23                                                             WEEK 24                                                             WEEK 25                                                             
                    Fri      Sat      Sun      Mon      Tue      Wed      Thu           Fri      Sat      Sun      Mon      Tue      Wed      Thu           Fri      Sat      Sun      Mon      Tue      Wed      Thu           Fri      Sat      Sun      Mon      Tue      Wed      Thu           Fri      Sat      Sun      Mon      Tue      Wed      Thu           Fri      Sat      Sun      Mon      Tue      Wed      Thu           Fri      Sat      Sun      Mon      Tue      Wed      Thu           Fri      Sat      Sun      Mon      Tue      Wed      Thu           Fri      Sat      Sun      Mon      Tue      Wed      Thu           Fri      Sat      Sun      Mon      Tue      Wed      Thu           Fri      Sat      Sun      Mon      Tue      Wed      Thu           Fri      Sat      Sun      Mon      Tue      Wed      Thu           Fri      Sat      Sun      Mon      Tue      Wed      Thu           Fri      Sat      Sun      Mon      Tue      Wed      Thu           Fri      Sat      Sun      Mon      Tue      Wed      Thu           Fri      Sat      Sun      Mon      Tue      Wed      Thu           Fri      Sat      Sun      Mon      Tue      Wed      Thu           Fri      Sat      Sun      Mon      Tue      Wed      Thu           Fri      Sat      Sun      Mon      Tue      Wed      Thu           Fri      Sat      Sun      Mon      Tue      Wed      Thu           Fri      Sat      Sun      Mon      Tue      Wed      Thu           Fri      Sat      Sun      Mon      Tue      Wed      Thu           Fri      Sat      Sun      Mon      Tue      Wed      Thu           Fri      Sat      Sun      Mon      Tue      Wed      Thu           Fri      Sat      Sun      Mon      Tue      Wed      Thu           Fri      Sat      Sun      Mon      Tue      Wed      Thu           

Test JA 1  JA        FREE     FREE     FREE     FREE     FREE     FREE     FREE          FREE     FREE     FREE     FREE     FREE     FREE     FREE          FREE     FREE     FREE     FREE     FREE     FREE     FREE          FREE     FREE     FREE     FREE     FREE     FREE     FREE          JANW     JANW     JANW     JANW     JANW     JANW     JANW          FREE     FREE     FREE     FREE     FREE     FREE     FREE          FREE     FREE     FREE     FREE     FREE     FREE     FREE          FREE     FREE     FREE     FREE     FREE     FREE     FREE          FREE     FREE     FREE     FREE     FREE     FREE     FREE          FREE     JAWE     JAWE     FREE     FREE     FREE     FREE          FREE     FREE     FREE     FREE     FREE     FREE     FREE          FREE     FREE     FREE     FREE     FREE     FREE     FREE          JANW     JANW     JANW     JANW     JANW     JANW     JANW          FREE     FREE     FREE     FREE     FREE     FREE     FREE          FREE     FREE     FREE     FREE     FREE     FREE     FREE          FREE     FREE     FREE     FREE     FREE     FREE     FREE          JANW     JANW     JANW     JANW     JANW     JANW     JANW          FREE     FREE     FREE     FREE     FREE     FREE     FREE          FREE     FREE     FREE     FREE     FREE     FREE     FREE          FREE     FREE     FREE     FREE     FREE     FREE     FREE          FREE     FREE     FREE     FREE     FREE     FREE     FREE          FREE     FREE     FREE     FREE     FREE     FREE     FREE          FREE     FREE     FREE     FREE     FREE     FREE     FREE          FREE     FREE     FREE     FREE     FREE     FREE     FREE          FREE     FREE     FREE     FREE     FREE     FREE     FREE          FREE     FREE     FREE     FREE     FREE     FREE     FREE          
Test JAF 1  JA_F      FREE     FREE     FREE     FREE     FREE     FREE     FREE          FREE     FREE     FREE     FREE     FREE     FREE     FREE          FREE     FREE     FREE     FREE     FREE     FREE     FREE          FREE     FREE     FREE     FREE     FREE     FREE     FREE          FREE     FREE     FREE     FREE     FREE     FREE     FREE          FREE     FREE     FREE     FREE     FREE     FREE     FREE          FREE     FREE     FREE     FREE     FREE     FREE     FREE          FREE     FREE     FREE     FREE     FREE     FREE     FREE          FREE     FREE     FREE     FREE     FREE     FREE     FREE          FREE     FREE     FREE     FREE     FREE     FREE     FREE          FREE     FREE     FREE     FREE     FREE     FREE     FREE          FREE     FREE     FREE     FREE     FREE     FREE     FREE          FREE     JAWE     JAWE     FREE     FREE     FREE     FREE          FREE     FREE     FREE     FREE     FREE     FREE     FREE          FREE     FREE     FREE     FREE     FREE     FREE     FREE          FREE     JAWE     JAWE     FREE     FREE     FREE     FREE          FREE     FREE     FREE     FREE     FREE     FREE     FREE          FREE     FREE     FREE     FREE     FREE     FREE     FREE          FREE     FREE     FREE     FREE     FREE     FREE     FREE          FREE     FREE     FREE     FREE     FREE     FREE     FREE          FREE     FREE     FREE     FREE     FREE     FREE     FREE          FREE     FREE     FREE     FREE     FREE     FREE     FREE          FREE     FREE     FREE     FREE     FREE     FREE     FREE          FREE     FREE     FREE     FREE     FREE     FREE     FREE          FREE     FREE     FREE     FREE     FREE     FREE     FREE          FREE     FREE     FREE     FREE     FREE     FREE     FREE          
Test JA 2  JA        FREE     FREE     FREE     FREE     FREE     FREE     FREE          FREE     FREE     FREE     FREE     FREE     FREE     FREE          FREE     FREE     FREE     FREE     FREE     FREE     FREE          FREE     FREE     FREE     FREE     FREE     FREE     FREE          FREE     FREE     FREE     FREE     FREE     FREE     FREE          FREE     FREE     FREE     FREE     FREE     FREE     FREE          FREE     JAWE     JAWE     FREE     FREE     FREE     FREE          FREE     FREE     FREE     FREE     FREE     FREE     FREE          FREE     FREE     FREE     FREE     FREE     FREE     FREE          FREE     FREE     FREE     FREE     FREE     FREE     FREE          FREE     FREE     FREE     FREE     FREE     FREE     FREE          FREE     FREE     FREE     FREE     FREE     FREE     FREE          FREE     FREE     FREE     FREE     FREE     FREE     FREE          FREE     FREE     FREE     FREE     FREE     FREE     FREE          FREE     FREE     FREE     FREE     FREE     FREE     FREE          FREE     FREE     FREE     FREE     FREE     FREE     FREE          FREE     FREE     FREE     FREE     FREE     FREE     FREE          FREE     FREE     FREE     FREE     FREE     FREE     FREE          FREE     FREE     FREE     FREE     FREE     FREE     FREE          FREE     FREE     FREE     FREE     FREE     FREE     FREE          FREE     JAWE     JAWE     FREE     FREE     FREE     FREE          FREE     FREE     FREE     FREE     FREE     FREE     FREE          FREE     FREE     FREE     FREE     FREE     FREE     FREE          FREE     FREE     FREE     FREE     FREE     FREE     FREE          FREE     FREE     FREE     FREE     FREE     FREE     FREE          FREE     FREE     FREE     FREE     FREE     FREE     FREE          
Test JA 3  JA        FREE     FREE     FREE     FREE     FREE     FREE     FREE          FREE     FREE     FREE     FREE     FREE     FREE     FREE          FREE     JAWE     JAWE     FREE     FREE     FREE     FREE          FREE     FREE     FREE     FREE     FREE     FREE     FREE          FREE     FREE     FREE     FREE     FREE     FREE     FREE          FREE     FREE     FREE     FREE     FREE     FREE     FREE          FREE     FREE     FREE     FREE     FREE     FREE     FREE          FREE     FREE     FREE     FREE     FREE     FREE     FREE          FREE     FREE     FREE     FREE     FREE     FREE     FREE          FREE     FREE     FREE     FREE     FREE     FREE     FREE          FREE     FREE     FREE     FREE     FREE     FREE     FREE          FREE     FREE     FREE     FREE     FREE     FREE     FREE          FREE     FREE     FREE     FREE     FREE     FREE     FREE          FREE     FREE     FREE     FREE     FREE     FREE     FREE          FREE     FREE     FREE     FREE     FREE     FREE     FREE          FREE     FREE     FREE     FREE     FREE     FREE     FREE          FREE     FREE     FREE     FREE     FREE     FREE     FREE          FREE     FREE     FREE     FREE     FREE     FREE     FREE          FREE     FREE     FREE     FREE     FREE     FREE     FREE          FREE     FREE     FREE     FREE     FREE     FREE     FREE          FREE     FREE     FREE     FREE     FREE     FREE     FREE          FREE     FREE     FREE     FREE     FREE     FREE     FREE          JANW     JANW     JANW     JANW     JANW     JANW     JANW          FREE     FREE     FREE     FREE     FREE     FREE     FREE          FREE     FREE     FREE     FREE     FREE     FREE     FREE          FREE     FREE     FREE     FREE     FREE     FREE     FREE          
Test JA 4  JA        FREE     FREE     FREE     FREE     FREE     FREE     FREE          FREE     FREE     FREE     FREE     FREE     FREE     FREE          FREE     FREE     FREE     FREE     FREE     FREE     FREE          FREE     FREE     FREE     FREE     FREE     FREE     FREE          FREE     FREE     FREE     FREE     FREE     FREE     FREE          FREE     FREE     FREE     FREE     FREE     FREE     FREE          FREE     FREE     FREE     FREE     FREE     FREE     FREE          FREE     FREE     FREE     FREE     FREE     FREE     FREE          FREE     FREE     FREE     FREE     FREE     FREE     FREE          JANW     JANW     JANW     JANW     JANW     JANW     JANW          FREE     FREE     FREE     FREE     FREE     FREE     FREE          FREE     FREE     FREE     FREE     FREE     FREE     FREE          FREE     FREE     FREE     FREE     FREE     FREE     FREE          FREE     FREE     FREE     FREE     FREE     FREE     FREE          FREE     FREE     FREE     FREE     FREE     FREE     FREE          FREE     FREE     FREE     FREE     FREE     FREE     FREE          FREE     FREE     FREE     FREE     FREE     FREE     FREE          FREE     JAWE     JAWE     FREE     FREE     FREE     FREE          FREE     FREE     FREE     FREE     FREE     FREE     FREE          FREE     FREE     FREE     FREE     FREE     FREE     FREE          FREE     FREE     FREE     FREE     FREE     FREE     FREE          JANW     JANW     JANW     JANW     JANW     JANW     JANW          FREE     FREE     FREE     FREE     FREE     FREE     FREE          FREE     FREE     FREE     FREE     FREE     FREE     FREE          JANW     JANW     JANW     JANW     JANW     JANW     JANW          FREE     FREE     FREE     FREE     FREE     FREE     FREE          
Test JAF 2  JA_F      FREE     FREE     FREE     FREE     FREE     FREE     FREE          FREE     FREE     FREE     FREE     FREE     FREE     FREE          FREE     FREE     FREE     FREE     FREE     FREE     FREE          FREE     FREE     FREE     FREE     FREE     FREE     FREE          FREE     FREE     FREE     FREE     FREE     FREE     FREE          FREE     FREE     FREE     FREE     FREE     FREE     FREE          FREE     FREE     FREE     FREE     FREE     FREE     FREE          FREE     FREE     FREE     FREE     FREE     FREE     FREE          FREE     FREE     FREE     FREE     FREE     FREE     FREE          FREE     FREE     FREE     FREE     FREE     FREE     FREE          FREE     FREE     FREE     FREE     FREE     FREE     FREE          FREE     FREE     FREE     FREE     FREE     FREE     FREE          FREE     FREE     FREE     FREE     FREE     FREE     FREE          FREE     FREE     FREE     FREE     FREE     FREE     FREE          FREE     FREE     FREE     FREE     FREE     FREE     FREE          FREE     FREE     FREE     FREE     FREE     FREE     FREE          FREE     FREE     FREE     FREE     FREE     FREE     FREE          FREE     FREE     FREE     FREE     FREE     FREE     FREE          FREE     JAWE     JAWE     FREE     FREE     FREE     FREE          FREE     FREE     FREE     FREE     FREE     FREE     FREE          FREE     FREE     FREE     FREE     FREE     FREE     FREE          FREE     FREE     FREE     FREE     FREE     FREE     FREE          FREE     FREE     FREE     FREE     FREE     FREE     FREE          FREE     FREE     FREE     FREE     FREE     FREE     FREE          FREE     FREE     FREE     FREE     FREE     FREE     FREE          FREE     FREE     FREE     FREE     FREE     FREE     FREE          
Test JAF 3  JA_F      FREE     FREE     FREE     FREE     FREE     FREE     FREE          FREE     FREE     FREE     FREE     FREE     FREE     FREE          FREE     FREE     FREE     FREE     FREE     FREE     FREE          FREE     FREE     FREE     FREE     FREE     FREE     FREE          FREE     FREE     FREE     FREE     FREE     FREE     FREE          FREE     FREE     FREE     FREE     FREE     FREE     FREE          FREE     FREE     FREE     FREE     FREE     FREE     FREE          FREE     FREE     FREE     FREE     FREE     FREE     FREE          FREE     FREE     FREE     FREE     FREE     FREE     FREE          FREE     FREE     FREE     FREE     FREE     FREE     FREE          FREE     FREE     FREE     FREE     FREE     FREE     FREE          FREE     FREE     FREE     FREE     FREE     FREE     FREE          FREE     FREE     FREE     FREE     FREE     FREE     FREE          FREE     FREE     FREE     FREE     FREE     FREE     FREE          FREE     FREE     FREE     FREE     FREE     FREE     FREE          FREE     FREE     FREE     FREE     FREE     FREE     FREE          FREE     FREE     FREE     FREE     FREE     FREE     FREE          FREE     FREE     FREE     FREE     FREE     FREE     FREE          FREE     FREE     FREE     FREE     FREE     FREE     FREE          FREE     FREE     FREE     FREE     FREE     FREE     FREE          FREE     FREE     FREE     FREE     FREE     FREE     FREE          FREE     FREE     FREE     FREE     FREE     FREE     FREE          FREE     JAWE     JAWE     FREE     FREE     FREE     FREE          FREE     FREE     FREE     FREE     FREE     FREE     FREE          FREE     FREE     FREE     FREE     FREE     FREE     FREE          FREE     FREE     FREE     FREE     FREE     FREE     FREE          
Test SA 1  SA        SAEW     SAEW     SAEW     SAEW     SAEW     SAEW     SAEW          FREE     FREE     FREE     FREE     FREE     FREE     FREE          FREE     FREE     FREE     FREE     FREE     FREE     FREE          FREE     FREE     FREE     FREE     FREE     FREE     FREE          FREE     FREE     FREE     FREE     FREE     FREE     FREE          FREE     FREE     FREE     FREE     FREE     FREE     FREE          FREE     FREE     FREE     FREE     FREE     FREE     FREE          CALL     CALL     CALL     CALL     CALL     CALL     CALL          FREE     FREE     FREE     FREE     FREE     FREE     FREE          FREE     FREE     FREE     FREE     FREE     FREE     FREE          FREE     FREE     FREE     FREE     FREE     FREE     FREE          FREE     FREE     FREE     FREE     FREE     FREE     FREE          FREE     FREE     FREE     FREE     FREE     FREE     FREE          FREE     FREE     FREE     FREE     FREE     FREE     FREE          FREE     FREE     FREE     FREE     FREE     FREE     FREE          FREE     FREE     FREE     FREE     FREE     FREE     FREE          FREE     FREE     FREE     FREE     FREE     FREE     FREE          SAEW     SAEW     SAEW     SAEW     SAEW     SAEW     SAEW          FREE     FREE     FREE     FREE     FREE     FREE     FREE          FREE     FREE     FREE     FREE     FREE     FREE     FREE          FREE     FREE     FREE     FREE     FREE     FREE     FREE          FREE     FREE     FREE     FREE     FREE     FREE     FREE          FREE     FREE     FREE     FREE     FREE     FREE     FREE          SAEW     SAEW     SAEW     SAEW     SAEW     SAEW     SAEW          FREE     FREE     FREE     FREE     FREE     FREE     FREE          FREE     FREE     FREE     FREE     FREE     FREE     FREE          
Test SA 2  SA        FREE     FREE     FREE     FREE     FREE     FREE     FREE          FREE     FREE     FREE     FREE     FREE     FREE     FREE          FREE     FREE     FREE     FREE     FREE     FREE     FREE          FREE     FREE     FREE     FREE     FREE     FREE     FREE          FREE     FREE     FREE     FREE     FREE     FREE     FREE          FREE     FREE     FREE     FREE     FREE     FREE     FREE          FREE     FREE     FREE     FREE     FREE     FREE     FREE          FREE     FREE     FREE     FREE     FREE     FREE     FREE          FREE     FREE     FREE     FREE     FREE     FREE     FREE          FREE     FREE     FREE     FREE     FREE     FREE     FREE          FREE     FREE     FREE     FREE     FREE     FREE     FREE          FREE     FREE     FREE     FREE     FREE     FREE     FREE          FREE     FREE     FREE     FREE     FREE     FREE     FREE          FREE     FREE     FREE     FREE     FREE     FREE     FREE          FREE     FREE     FREE     FREE     FREE     FREE     FREE          FREE     FREE     FREE     FREE     FREE     FREE     FREE          FREE     FREE     FREE     FREE     FREE     FREE     FREE          FREE     FREE     FREE     FREE     FREE     FREE     FREE          FREE     FREE     FREE     FREE     FREE     FREE     FREE          FREE     FREE     FREE     FREE     FREE     FREE     FREE          SAEW     SAEW     SAEW     SAEW     SAEW     SAEW     SAEW          FREE     FREE     FREE     FREE     FREE     FREE     FREE          FREE     FREE     FREE     FREE     FREE     FREE     FREE          FREE     FREE     FREE     FREE     FREE     FREE     FREE          FREE     FREE     FREE     FREE     FREE     FREE     FREE          FREE     FREE     FREE     FREE     FREE     FREE     FREE          
Test SA 3  SA        FREE     FREE     FREE     FREE     FREE     FREE     FREE          FREE     FREE     FREE     FREE     FREE     FREE     FREE          FREE     FREE     FREE     FREE     FREE     FREE     FREE          CALL     CALL     CALL     CALL     CALL     CALL     CALL          FREE     FREE     FREE     FREE     FREE     FREE     FREE          FREE     FREE     FREE     FREE     FREE     FREE     FREE          FREE     FREE     FREE     FREE     FREE     FREE     FREE          FREE     FREE     FREE     FREE     FREE     FREE     FREE          FREE     FREE     FREE     FREE     FREE     FREE     FREE          FREE     FREE     FREE     FREE     FREE     FREE     FREE          FREE     FREE     FREE     FREE     FREE     FREE     FREE          FREE     SAWE     SAWE     FREE     FREE     FREE     FREE          FREE     FREE     FREE     FREE     FREE     FREE     FREE          FREE     FREE     FREE     FREE     FREE     FREE     FREE          FREE     FREE     FREE     FREE     FREE     FREE     FREE          FREE     SAWE     SAWE     FREE     FREE     FREE     FREE          FREE     FREE     FREE     FREE     FREE     FREE     FREE          FREE     FREE     FREE     FREE     FREE     FREE     FREE          FREE     FREE     FREE     FREE     FREE     FREE     FREE          FREE     FREE     FREE     FREE     FREE     FREE     FREE          FREE     FREE     FREE     FREE     FREE     FREE     FREE          FREE     FREE     FREE     FREE     FREE     FREE     FREE          FREE     FREE     FREE     FREE     FREE     FREE     FREE          FREE     FREE     FREE     FREE     FREE     FREE     FREE          FREE     FREE     FREE     FREE     FREE     FREE     FREE          FREE     FREE     FREE     FREE     FREE     FREE     FREE          
Test SAF 1  SA_F      FREE     FREE     FREE     FREE     FREE     FREE     FREE          FREE     FREE     FREE     FREE     FREE     FREE     FREE          FREE     FREE     FREE     FREE     FREE     FREE     FREE          FREE     FREE     FREE     FREE     FREE     FREE     FREE          FREE     FREE     FREE     FREE     FREE     FREE     FREE          FREE     FREE     FREE     FREE     FREE     FREE     FREE          FREE     FREE     FREE     FREE     FREE     FREE     FREE          FREE     FREE     FREE     FREE     FREE     FREE     FREE          FREE     FREE     FREE     FREE     FREE     FREE     FREE          FREE     FREE     FREE     FREE     FREE     FREE     FREE          FREE     FREE     FREE     FREE     FREE     FREE     FREE          FREE     FREE     FREE     FREE     FREE     FREE     FREE          FREE     FREE     FREE     FREE     FREE     FREE     FREE          FREE     FREE     FREE     FREE     FREE     FREE     FREE          FREE     FREE     FREE     FREE     FREE     FREE     FREE          FREE     FREE     FREE     FREE     FREE     FREE     FREE          FREE     FREE     FREE     FREE     FREE     FREE     FREE          FREE     FREE     FREE     FREE     FREE     FREE     FREE          FREE     FREE     FREE     FREE     FREE     FREE     FREE          FREE     FREE     FREE     FREE     FREE     FREE     FREE          FREE     FREE     FREE     FREE     FREE     FREE     FREE          FREE     FREE     FREE     FREE     FREE     FREE     FREE          FREE     FREE     FREE     FREE     FREE     FREE     FREE          FREE     FREE     FREE     FREE     FREE     FREE     FREE          FREE     FREE     FREE     FREE     FREE     FREE     FREE          FREE     FREE     FREE     FREE     FREE     FREE     FREE          
Test SAF 2  SA_F      FREE     FREE     FREE     FREE     FREE     FREE     FREE          FREE     FREE     FREE     FREE     FREE     FREE     FREE          FREE     FREE     FREE     FREE     FREE     FREE     FREE          FREE     FREE     FREE     FREE     FREE     FREE     FREE          FREE     FREE     FREE     FREE     FREE     FREE     FREE          FREE     FREE     FREE     FREE     FREE     FREE     FREE          FREE     FREE     FREE     FREE     FREE     FREE     FREE          FREE     FREE     FREE     FREE     FREE     FREE     FREE          FREE     FREE     FREE     FREE     FREE     FREE     FREE          CALL     CALL     CALL     CALL     CALL     CALL     CALL          FREE     FREE     FREE     FREE     FREE     FREE     FREE          FREE     FREE     FREE     FREE     FREE     FREE     FREE          FREE     FREE     FREE     FREE     FREE     FREE     FREE          FREE     FREE     FREE     FREE     FREE     FREE     FREE          FREE     FREE     FREE     FREE     FREE     FREE     FREE          CALL     CALL     CALL     CALL     CALL     CALL     CALL          FREE     FREE     FREE     FREE     FREE     FREE     FREE          FREE     FREE     FREE     FREE     FREE     FREE     FREE          FREE     FREE     FREE     FREE     FREE     FREE     FREE          FREE     FREE     FREE     FREE     FREE     FREE     FREE          FREE     FREE     FREE     FREE     FREE     FREE     FREE          FREE     FREE     FREE     FREE     FREE     FREE     FREE          FREE     FREE     FREE     FREE     FREE     FREE     FREE          FREE     FREE     FREE     FREE     FREE     FREE     FREE          FREE     FREE     FREE     FREE     FREE     FREE     FREE          FREE     SAWE     SAWE     FREE     FREE     FREE     FREE          
Test SAN 1  SA_NEO    FREE     FREE     FREE     FREE     FREE     FREE     FREE          FREE     FREE     FREE     FREE     FREE     FREE     FREE          FREE     FREE     FREE     FREE     FREE     FREE     FREE          FREE     FREE     FREE     FREE     FREE     FREE     FREE          FREE     FREE     FREE     FREE     FREE     FREE     FREE          FREE     FREE     FREE     FREE     FREE     FREE     FREE          FREE     FREE     FREE     FREE     FREE     FREE     FREE          FREE     FREE     FREE     FREE     FREE     FREE     FREE          FREE     FREE     FREE     FREE     FREE     FREE     FREE          FREE     FREE     FREE     FREE     FREE     FREE     FREE          FREE     SAWE     SAWE     FREE     FREE     FREE     FREE          FREE     FREE     FREE     FREE     FREE     FREE     FREE          FREE     FREE     FREE     FREE     FREE     FREE     FREE          FREE     TPWE     TPWE     FREE     FREE     FREE     FREE          FREE     FREE     FREE     FREE     FREE     FREE     FREE          FREE     FREE     FREE     FREE     FREE     FREE     FREE          FREE     TPWE     TPWE     FREE     FREE     FREE     FREE          FREE     FREE     FREE     FREE     FREE     FREE     FREE          FREE     FREE     FREE     FREE     FREE     FREE     FREE          FREE     FREE     FREE     FREE     FREE     FREE     FREE          FREE     FREE     FREE     FREE     FREE     FREE     FREE          FREE     FREE     FREE     FREE     FREE     FREE     FREE          FREE     FREE     FREE     FREE     FREE     FREE     FREE          FREE     FREE     FREE     FREE     FREE     FREE     FREE          FREE     FREE     FREE     FREE     FREE     FREE     FREE          FREE     FREE     FREE     FREE     FREE     FREE     FREE          
Test SAN 2  SA_NEO    FREE     FREE     FREE     FREE     FREE     FREE     FREE          FREE     FREE     FREE     FREE     FREE     FREE     FREE          FREE     FREE     FREE     FREE     FREE     FREE     FREE          FREE     FREE     FREE     FREE     FREE     FREE     FREE          FREE     FREE     FREE     FREE     FREE     FREE     FREE          FREE     TPWE     TPWE     FREE     FREE     FREE     FREE          FREE     FREE     FREE     FREE     FREE     FREE     FREE          FREE     FREE     FREE     FREE     FREE     FREE     FREE          FREE     FREE     FREE     FREE     FREE     FREE     FREE          FREE     FREE     FREE     FREE     FREE     FREE     FREE          FREE     FREE     FREE     FREE     FREE     FREE     FREE          SAEW     SAEW     SAEW     SAEW     SAEW     SAEW     SAEW          FREE     FREE     FREE     FREE     FREE     FREE     FREE          FREE     FREE     FREE     FREE     FREE     FREE     FREE          SAEW     SAEW     SAEW     SAEW     SAEW     SAEW     SAEW          FREE     FREE     FREE     FREE     FREE     FREE     FREE          FREE     FREE     FREE     FREE     FREE     FREE     FREE          FREE     FREE     FREE     FREE     FREE     FREE     FREE          FREE     FREE     FREE     FREE     FREE     FREE     FREE          FREE     SAWE     SAWE     FREE     FREE     FREE     FREE          FREE     FREE     FREE     FREE     FREE     FREE     FREE          FREE     FREE     FREE     FREE     FREE     FREE     FREE          SAEW     SAEW     SAEW     SAEW     SAEW     SAEW     SAEW          FREE     FREE     FREE     FREE     FREE     FREE     FREE          FREE     FREE     FREE     FREE     FREE     FREE     FREE          SAEW     SAEW     SAEW     SAEW     SAEW     SAEW     SAEW          
Test SAN 3  SA_NEO    FREE     FREE     FREE     FREE     FREE     FREE     FREE          FREE     FREE     FREE     FREE     FREE     FREE     FREE          SAEW     SAEW     SAEW     SAEW     SAEW     SAEW     SAEW          FREE     FREE     FREE     FREE     FREE     FREE     FREE          FREE     FREE     FREE     FREE     FREE     FREE     FREE          FREE     FREE     FREE     FREE     FREE     FREE     FREE          FREE     FREE     FREE     FREE     FREE     FREE     FREE          FREE     FREE     FREE     FREE     FREE     FREE     FREE          FREE     FREE     FREE     FREE     FREE     FREE     FREE          FREE     FREE     FREE     FREE     FREE     FREE     FREE          FREE     FREE     FREE     FREE     FREE     FREE     FREE          FREE     FREE     FREE     FREE     FREE     FREE     FREE          FREE     FREE     FREE     FREE     FREE     FREE     FREE          FREE     FREE     FREE     FREE     FREE     FREE     FREE          FREE     TPWE     TPWE     FREE     FREE     FREE     FREE          FREE     FREE     FREE     FREE     FREE     FREE     FREE          FREE     FREE     FREE     FREE     FREE     FREE     FREE          FREE     FREE     FREE     FREE     FREE     FREE     FREE          FREE     FREE     FREE     FREE     FREE     FREE     FREE          FREE     FREE     FREE     FREE     FREE     FREE     FREE          FREE     FREE     FREE     FREE     FREE     FREE     FREE          FREE     FREE     FREE     FREE     FREE     FREE     FREE          FREE     FREE     FREE     FREE     FREE     FREE     FREE          FREE     FREE     FREE     FREE     FREE     FREE     FREE          FREE     FREE     FREE     FREE     FREE     FREE     FREE          FREE     FREE     FREE     FREE     FREE     FREE     FREE          
Test SAN 4  SA_NEO    FREE     FREE     FREE     FREE     FREE     FREE     FREE          FREE     FREE     FREE     FREE     FREE     FREE     FREE          FREE     FREE     FREE     FREE     FREE     FREE     FREE          FREE     FREE     FREE     FREE     FREE     FREE     FREE          FREE     FREE     FREE     FREE     FREE     FREE     FREE          FREE     FREE     FREE     FREE     FREE     FREE     FREE          CALL     CALL     CALL     CALL     CALL     CALL     CALL          FREE     FREE     FREE     FREE     FREE     FREE     FREE          FREE     FREE     FREE     FREE     FREE     FREE     FREE          FREE     FREE     FREE     FREE     FREE     FREE     FREE          FREE     FREE     FREE     FREE     FREE     FREE     FREE          FREE     FREE     FREE     FREE     FREE     FREE     FREE          SAEW     SAEW     SAEW     SAEW     SAEW     SAEW     SAEW          FREE     FREE     FREE     FREE     FREE     FREE     FREE          FREE     FREE     FREE     FREE     FREE     FREE     FREE          FREE     FREE     FREE     FREE     FREE     FREE     FREE          FREE     FREE     FREE     FREE     FREE     FREE     FREE          FREE     FREE     FREE     FREE     FREE     FREE     FREE          FREE     FREE     FREE     FREE     FREE     FREE     FREE          FREE     FREE     FREE     FREE     FREE     FREE     FREE          FREE     FREE     FREE     FREE     FREE     FREE     FREE          FREE     FREE     FREE     FREE     FREE     FREE     FREE          FREE     FREE     FREE     FREE     FREE     FREE     FREE          SAEW     SAEW     SAEW     SAEW     SAEW     SAEW     SAEW          FREE     FREE     FREE     FREE     FREE     FREE     FREE          FREE     FREE     FREE     FREE     FREE     FREE     FREE          
Test SAN 5  SA_NEO    FREE     FREE     FREE     FREE     FREE     FREE     FREE          FREE     FREE     FREE     FREE     FREE     FREE     FREE          FREE     FREE     FREE     FREE     FREE     FREE     FREE          FREE     FREE     FREE     FREE     FREE     FREE     FREE          CALL     CALL     CALL     CALL     CALL     CALL     CALL          FREE     FREE     FREE     FREE     FREE     FREE     FREE          FREE     FREE     FREE     FREE     FREE     FREE     FREE          FREE     TPWE     TPWE     FREE     FREE     FREE     FREE          FREE     FREE     FREE     FREE     FREE     FREE     FREE          FREE     TPWE     TPWE     FREE     FREE     FREE     FREE          FREE     FREE     FREE     FREE     FREE     FREE     FREE          FREE     FREE     FREE     FREE     FREE     FREE     FREE          FREE     FREE     FREE     FREE     FREE     FREE     FREE          FREE     FREE     FREE     FREE     FREE     FREE     FREE          FREE     FREE     FREE     FREE     FREE     FREE     FREE          SAEW     SAEW     SAEW     SAEW     SAEW     SAEW     SAEW          FREE     FREE     FREE     FREE     FREE     FREE     FREE          FREE     FREE     FREE     FREE     FREE     FREE     FREE          FREE     FREE     FREE     FREE     FREE     FREE     FREE          CALL     CALL     CALL     CALL     CALL     CALL     CALL          FREE     FREE     FREE     FREE     FREE     FREE     FREE          FREE     FREE     FREE     FREE     FREE     FREE     FREE          FREE     FREE     FREE     FREE     FREE     FREE     FREE          FREE     TPWE     TPWE     FREE     FREE     FREE     FREE          FREE     FREE     FREE     FREE     FREE     FREE     FREE          FREE     TPWE     TPWE     FREE     FREE     FREE     FREE          
Test SAFN 1  SA_F_NEO  FREE     FREE     FREE     FREE     FREE     FREE     FREE          FREE     FREE     FREE     FREE     FREE     FREE     FREE          FREE     FREE     FREE     FREE     FREE     FREE     FREE          FREE     FREE     FREE     FREE     FREE     FREE     FREE          FREE     FREE     FREE     FREE     FREE     FREE     FREE          FREE     FREE     FREE     FREE     FREE     FREE     FREE          FREE     FREE     FREE     FREE     FREE     FREE     FREE          FREE     FREE     FREE     FREE     FREE     FREE     FREE          FREE     TPWE     TPWE     FREE     FREE     FREE     FREE          FREE     FREE     FREE     FREE     FREE     FREE     FREE          FREE     FREE     FREE     FREE     FREE     FREE     FREE          FREE     FREE     FREE     FREE     FREE     FREE     FREE          FREE     FREE     FREE     FREE     FREE     FREE     FREE          FREE     FREE     FREE     FREE     FREE     FREE     FREE          FREE     FREE     FREE     FREE     FREE     FREE     FREE          FREE     FREE     FREE     FREE     FREE     FREE     FREE          FREE     FREE     FREE     FREE     FREE     FREE     FREE          FREE     TPWE     TPWE     FREE     FREE     FREE     FREE          FREE     FREE     FREE     FREE     FREE     FREE     FREE          FREE     FREE     FREE     FREE     FREE     FREE     FREE          FREE     FREE     FREE     FREE     FREE     FREE     FREE          FREE     FREE     FREE     FREE     FREE     FREE     FREE          FREE     FREE     FREE     FREE     FREE     FREE     FREE          FREE     SAWE     SAWE     FREE     FREE     FREE     FREE          FREE     FREE     FREE     FREE     FREE     FREE     FREE          FREE     FREE     FREE     FREE     FREE     FREE     FREE          
Test SAFN 2  SA_F_NEO  CALL     CALL     CALL     CALL     CALL     CALL     CALL          FREE     FREE     FREE     FREE     FREE     FREE     FREE          FREE     FREE     FREE     FREE     FREE     FREE     FREE          FREE     FREE     FREE     FREE     FREE     FREE     FREE          FREE     FREE     FREE     FREE     FREE     FREE     FREE          FREE     FREE     FREE     FREE     FREE     FREE     FREE          FREE     FREE     FREE     FREE     FREE     FREE     FREE          FREE     FREE     FREE     FREE     FREE     FREE     FREE          FREE     FREE     FREE     FREE     FREE     FREE     FREE          FREE     FREE     FREE     FREE     FREE     FREE     FREE          FREE     FREE     FREE     FREE     FREE     FREE     FREE          FREE     TPWE     TPWE     FREE     FREE     FREE     FREE          FREE     FREE     FREE     FREE     FREE     FREE     FREE          FREE     FREE     FREE     FREE     FREE     FREE     FREE          FREE     FREE     FREE     FREE     FREE     FREE     FREE          FREE     FREE     FREE     FREE     FREE     FREE     FREE          FREE     FREE     FREE     FREE     FREE     FREE     FREE          FREE     FREE     FREE     FREE     FREE     FREE     FREE          FREE     FREE     FREE     FREE     FREE     FREE     FREE          FREE     FREE     FREE     FREE     FREE     FREE     FREE          FREE     FREE     FREE     FREE     FREE     FREE     FREE          FREE     FREE     FREE     FREE     FREE     FREE     FREE          FREE     FREE     FREE     FREE     FREE     FREE     FREE          FREE     FREE     FREE     FREE     FREE     FREE     FREE          FREE     FREE     FREE     FREE     FREE     FREE     FREE          FREE     FREE     FREE     FREE     FREE     FREE     FREE          
Test JA 5  JA        FREE     FREE     FREE     FREE     FREE     FREE     FREE          FREE     FREE     FREE     FREE     FREE     FREE     FREE          FREE     FREE     FREE     FREE     FREE     FREE     FREE          FREE     FREE     FREE     FREE     FREE     FREE     FREE          FREE     FREE     FREE     FREE     FREE     FREE     FREE          JANW     JANW     JANW     JANW     JANW     JANW     JANW          FREE     FREE     FREE     FREE     FREE     FREE     FREE          FREE     FREE     FREE     FREE     FREE     FREE     FREE          FREE     FREE     FREE     FREE     FREE     FREE     FREE          FREE     FREE     FREE     FREE     FREE     FREE     FREE          FREE     FREE     FREE     FREE     FREE     FREE     FREE          JANW     JANW     JANW     JANW     JANW     JANW     JANW          FREE     FREE     FREE     FREE     FREE     FREE     FREE          FREE     FREE     FREE     FREE     FREE     FREE     FREE          FREE     FREE     FREE     FREE     FREE     FREE     FREE          FREE     FREE     FREE     FREE     FREE     FREE     FREE          FREE     FREE     FREE     FREE     FREE     FREE     FREE          JANW     JANW     JANW     JANW     JANW     JANW     JANW          FREE     FREE     FREE     FREE     FREE     FREE     FREE          FREE     FREE     FREE     FREE     FREE     FREE     FREE          FREE     FREE     FREE     FREE     FREE     FREE     FREE          FREE     FREE     FREE     FREE     FREE     FREE     FREE          JANW     JANW     JANW     JANW     JANW     JANW     JANW          FREE     FREE     FREE     FREE     FREE     FREE     FREE          FREE     FREE     FREE     FREE     FREE     FREE     FREE          FREE     FREE     FREE     FREE     FREE     FREE     FREE          
Test JA 6  JA        FREE     FREE     FREE     FREE     FREE     FREE     FREE          FREE     FREE     FREE     FREE     FREE     FREE     FREE          FREE     FREE     FREE     FREE     FREE     FREE     FREE          FREE     FREE     FREE     FREE     FREE     FREE     FREE          FREE     FREE     FREE     FREE     FREE     FREE     FREE          FREE     FREE     FREE     FREE     FREE     FREE     FREE          FREE     FREE     FREE     FREE     FREE     FREE     FREE          JANW     JANW     JANW     JANW     JANW     JANW     JANW          FREE     FREE     FREE     FREE     FREE     FREE     FREE          FREE     FREE     FREE     FREE     FREE     FREE     FREE          FREE     FREE     FREE     FREE     FREE     FREE     FREE          FREE     FREE     FREE     FREE     FREE     FREE     FREE          FREE     FREE     FREE     FREE     FREE     FREE     FREE          FREE     JAWE     JAWE     FREE     FREE     FREE     FREE          FREE     FREE     FREE     FREE     FREE     FREE     FREE          FREE     FREE     FREE     FREE     FREE     FREE     FREE          FREE     JAWE     JAWE     FREE     FREE     FREE     FREE          FREE     FREE     FREE     FREE     FREE     FREE     FREE          FREE     FREE     FREE     FREE     FREE     FREE     FREE          FREE     FREE     FREE     FREE     FREE     FREE     FREE          FREE     FREE     FREE     FREE     FREE     FREE     FREE          FREE     FREE     FREE     FREE     FREE     FREE     FREE          FREE     FREE     FREE     FREE     FREE     FREE     FREE          FREE     FREE     FREE     FREE     FREE     FREE     FREE          FREE     FREE     FREE     FREE     FREE     FREE     FREE          FREE     FREE     FREE     FREE     FREE     FREE     FREE          
Test JA 7  JA        FREE     FREE     FREE     FREE     FREE     FREE     FREE          FREE     FREE     FREE     FREE     FREE     FREE     FREE          FREE     FREE     FREE     FREE     FREE     FREE     FREE          FREE     FREE     FREE     FREE     FREE     FREE     FREE          JANW     JANW     JANW     JANW     JANW     JANW     JANW          FREE     FREE     FREE     FREE     FREE     FREE     FREE          FREE     FREE     FREE     FREE     FREE     FREE     FREE          JANW     JANW     JANW     JANW     JANW     JANW     JANW          FREE     FREE     FREE     FREE     FREE     FREE     FREE          FREE     FREE     FREE     FREE     FREE     FREE     FREE          FREE     FREE     FREE     FREE     FREE     FREE     FREE          FREE     FREE     FREE     FREE     FREE     FREE     FREE          FREE     FREE     FREE     FREE     FREE     FREE     FREE          FREE     FREE     FREE     FREE     FREE     FREE     FREE          FREE     FREE     FREE     FREE     FREE     FREE     FREE          FREE     FREE     FREE     FREE     FREE     FREE     FREE          FREE     FREE     FREE     FREE     FREE     FREE     FREE          FREE     FREE     FREE     FREE     FREE     FREE     FREE          FREE     FREE     FREE     FREE     FREE     FREE     FREE          FREE     FREE     FREE     FREE     FREE     FREE     FREE          FREE     FREE     FREE     FREE     FREE     FREE     FREE          FREE     FREE     FREE     FREE     FREE     FREE     FREE          FREE     FREE     FREE     FREE     FREE     FREE     FREE          FREE     FREE     FREE     FREE     FREE     FREE     FREE          FREE     FREE     FREE     FREE     FREE     FREE     FREE          FREE     FREE     FREE     FREE     FREE     FREE     FREE          
Test JAF  4  JA_F      FREE     FREE     FREE     FREE     FREE     FREE     FREE          FREE     FREE     FREE     FREE     FREE     FREE     FREE          FREE     FREE     FREE     FREE     FREE     FREE     FREE          FREE     FREE     FREE     FREE     FREE     FREE     FREE          FREE     FREE     FREE     FREE     FREE     FREE     FREE          FREE     FREE     FREE     FREE     FREE     FREE     FREE          FREE     FREE     FREE     FREE     FREE     FREE     FREE          FREE     FREE     FREE     FREE     FREE     FREE     FREE          FREE     FREE     FREE     FREE     FREE     FREE     FREE          FREE     FREE     FREE     FREE     FREE     FREE     FREE          FREE     FREE     FREE     FREE     FREE     FREE     FREE          FREE     FREE     FREE     FREE     FREE     FREE     FREE          FREE     FREE     FREE     FREE     FREE     FREE     FREE          FREE     FREE     FREE     FREE     FREE     FREE     FREE          FREE     FREE     FREE     FREE     FREE     FREE     FREE          FREE     FREE     FREE     FREE     FREE     FREE     FREE          FREE     JAWE     JAWE     FREE     FREE     FREE     FREE          FREE     FREE     FREE     FREE     FREE     FREE     FREE          FREE     FREE     FREE     FREE     FREE     FREE     FREE          FREE     FREE     FREE     FREE     FREE     FREE     FREE          FREE     FREE     FREE     FREE     FREE     FREE     FREE          FREE     JAWE     JAWE     FREE     FREE     FREE     FREE          FREE     FREE     FREE     FREE     FREE     FREE     FREE          FREE     FREE     FREE     FREE     FREE     FREE     FREE          FREE     FREE     FREE     FREE     FREE     FREE     FREE          FREE     FREE     FREE     FREE     FREE     FREE     FREE          
Test SA 4  SA        FREE     FREE     FREE     FREE     FREE     FREE     FREE          FREE     FREE     FREE     FREE     FREE     FREE     FREE          FREE     FREE     FREE     FREE     FREE     FREE     FREE          FREE     FREE     FREE     FREE     FREE     FREE     FREE          FREE     SAWE     SAWE     FREE     FREE     FREE     FREE          FREE     FREE     FREE     FREE     FREE     FREE     FREE          FREE     FREE     FREE     FREE     FREE     FREE     FREE          FREE     FREE     FREE     FREE     FREE     FREE     FREE          FREE     FREE     FREE     FREE     FREE     FREE     FREE          FREE     FREE     FREE     FREE     FREE     FREE     FREE          FREE     FREE     FREE     FREE     FREE     FREE     FREE          FREE     FREE     FREE     FREE     FREE     FREE     FREE          FREE     FREE     FREE     FREE     FREE     FREE     FREE          FREE     FREE     FREE     FREE     FREE     FREE     FREE          FREE     FREE     FREE     FREE     FREE     FREE     FREE          FREE     FREE     FREE     FREE     FREE     FREE     FREE          FREE     FREE     FREE     FREE     FREE     FREE     FREE          FREE     FREE     FREE     FREE     FREE     FREE     FREE          FREE     FREE     FREE     FREE     FREE     FREE     FREE          FREE     FREE     FREE     FREE     FREE     FREE     FREE          FREE     FREE     FREE     FREE     FREE     FREE     FREE          FREE     FREE     FREE     FREE     FREE     FREE     FREE          FREE     FREE     FREE     FREE     FREE     FREE     FREE          FREE     FREE     FREE     FREE     FREE     FREE     FREE          FREE     FREE     FREE     FREE     FREE     FREE     FREE          FREE     FREE     FREE     FREE     FREE     FREE     FREE          
Test SA  5  SA        FREE     SAWE     SAWE     FREE     FREE     FREE     FREE          FREE     FREE     FREE     FREE     FREE     FREE     FREE          FREE     FREE     FREE     FREE     FREE     FREE     FREE          FREE     FREE     FREE     FREE     FREE     FREE     FREE          FREE     FREE     FREE     FREE     FREE     FREE     FREE          FREE     FREE     FREE     FREE     FREE     FREE     FREE          SAEW     SAEW     SAEW     SAEW     SAEW     SAEW     SAEW          FREE     FREE     FREE     FREE     FREE     FREE     FREE          FREE     FREE     FREE     FREE     FREE     FREE     FREE          FREE     FREE     FREE     FREE     FREE     FREE     FREE          FREE     FREE     FREE     FREE     FREE     FREE     FREE          FREE     FREE     FREE     FREE     FREE     FREE     FREE          FREE     FREE     FREE     FREE     FREE     FREE     FREE          FREE     FREE     FREE     FREE     FREE     FREE     FREE          FREE     FREE     FREE     FREE     FREE     FREE     FREE          FREE     FREE     FREE     FREE     FREE     FREE     FREE          FREE     FREE     FREE     FREE     FREE     FREE     FREE          FREE     FREE     FREE     FREE     FREE     FREE     FREE          FREE     FREE     FREE     FREE     FREE     FREE     FREE          FREE     FREE     FREE     FREE     FREE     FREE     FREE          FREE     FREE     FREE     FREE     FREE     FREE     FREE          FREE     FREE     FREE     FREE     FREE     FREE     FREE          FREE     FREE     FREE     FREE     FREE     FREE     FREE          FREE     FREE     FREE     FREE     FREE     FREE     FREE          FREE     FREE     FREE     FREE     FREE     FREE     FREE          CALL     CALL     CALL     CALL     CALL     CALL     CALL          
Test SAF 3   SA_F      FREE     FREE     FREE     FREE     FREE     FREE     FREE          FREE     FREE     FREE     FREE     FREE     FREE     FREE          FREE     FREE     FREE     FREE     FREE     FREE     FREE          FREE     FREE     FREE     FREE     FREE     FREE     FREE          FREE     FREE     FREE     FREE     FREE     FREE     FREE          FREE     FREE     FREE     FREE     FREE     FREE     FREE          FREE     FREE     FREE     FREE     FREE     FREE     FREE          FREE     FREE     FREE     FREE     FREE     FREE     FREE          FREE     FREE     FREE     FREE     FREE     FREE     FREE          FREE     FREE     FREE     FREE     FREE     FREE     FREE          FREE     FREE     FREE     FREE     FREE     FREE     FREE          FREE     FREE     FREE     FREE     FREE     FREE     FREE          FREE     FREE     FREE     FREE     FREE     FREE     FREE          FREE     FREE     FREE     FREE     FREE     FREE     FREE          FREE     FREE     FREE     FREE     FREE     FREE     FREE          FREE     FREE     FREE     FREE     FREE     FREE     FREE          FREE     FREE     FREE     FREE     FREE     FREE     FREE          FREE     FREE     FREE     FREE     FREE     FREE     FREE          FREE     FREE     FREE     FREE     FREE     FREE     FREE          FREE     FREE     FREE     FREE     FREE     FREE     FREE          FREE     FREE     FREE     FREE     FREE     FREE     FREE          FREE     FREE     FREE     FREE     FREE     FREE     FREE          FREE     FREE     FREE     FREE     FREE     FREE     FREE          FREE     FREE     FREE     FREE     FREE     FREE     FREE          FREE     FREE     FREE     FREE     FREE     FREE     FREE          FREE     FREE     FREE     FREE     FREE     FREE     FREE          
Test SAN  6  SA_NEO    FREE     FREE     FREE     FREE     FREE     FREE     FREE          FREE     FREE     FREE     FREE     FREE     FREE     FREE          FREE     FREE     FREE     FREE     FREE     FREE     FREE          FREE     FREE     FREE     FREE     FREE     FREE     FREE          FREE     FREE     FREE     FREE     FREE     FREE     FREE          FREE     FREE     FREE     FREE     FREE     FREE     FREE          FREE     FREE     FREE     FREE     FREE     FREE     FREE          FREE     FREE     FREE     FREE     FREE     FREE     FREE          FREE     FREE     FREE     FREE     FREE     FREE     FREE          FREE     FREE     FREE     FREE     FREE     FREE     FREE          FREE     FREE     FREE     FREE     FREE     FREE     FREE          FREE     FREE     FREE     FREE     FREE     FREE     FREE          FREE     TPWE     TPWE     FREE     FREE     FREE     FREE          FREE     FREE     FREE     FREE     FREE     FREE     FREE          FREE     FREE     FREE     FREE     FREE     FREE     FREE          FREE     FREE     FREE     FREE     FREE     FREE     FREE          FREE     FREE     FREE     FREE     FREE     FREE     FREE          SAEW     SAEW     SAEW     SAEW     SAEW     SAEW     SAEW          FREE     FREE     FREE     FREE     FREE     FREE     FREE          FREE     FREE     FREE     FREE     FREE     FREE     FREE          FREE     FREE     FREE     FREE     FREE     FREE     FREE          FREE     FREE     FREE     FREE     FREE     FREE     FREE          FREE     FREE     FREE     FREE     FREE     FREE     FREE          FREE     FREE     FREE     FREE     FREE     FREE     FREE          FREE     FREE     FREE     FREE     FREE     FREE     FREE          FREE     FREE     FREE     FREE     FREE     FREE     FREE          
Test SAN  7   SA_NEO    CALL     CALL     CALL     CALL     CALL     CALL     CALL          FREE     FREE     FREE     FREE     FREE     FREE     FREE          FREE     FREE     FREE     FREE     FREE     FREE     FREE          FREE     FREE     FREE     FREE     FREE     FREE     FREE          FREE     FREE     FREE     FREE     FREE     FREE     FREE          FREE     FREE     FREE     FREE     FREE     FREE     FREE          FREE     FREE     FREE     FREE     FREE     FREE     FREE          FREE     FREE     FREE     FREE     FREE     FREE     FREE          FREE     FREE     FREE     FREE     FREE     FREE     FREE          FREE     FREE     FREE     FREE     FREE     FREE     FREE          FREE     FREE     FREE     FREE     FREE     FREE     FREE          SAEW     SAEW     SAEW     SAEW     SAEW     SAEW     SAEW          FREE     FREE     FREE     FREE     FREE     FREE     FREE          FREE     FREE     FREE     FREE     FREE     FREE     FREE          FREE     FREE     FREE     FREE     FREE     FREE     FREE          FREE     FREE     FREE     FREE     FREE     FREE     FREE          FREE     FREE     FREE     FREE     FREE     FREE     FREE          FREE     FREE     FREE     FREE     FREE     FREE     FREE          FREE     FREE     FREE     FREE     FREE     FREE     FREE          FREE     FREE     FREE     FREE     FREE     FREE     FREE          FREE     FREE     FREE     FREE     FREE     FREE     FREE          FREE     FREE     FREE     FREE     FREE     FREE     FREE          FREE     FREE     FREE     FREE     FREE     FREE     FREE          FREE     FREE     FREE     FREE     FREE     FREE     FREE          FREE     FREE     FREE     FREE     FREE     FREE     FREE          FREE     FREE     FREE     FREE     FREE     FREE     FREE          
Test SAFN 3     SA_F_NEO  FREE     FREE     FREE     FREE     FREE     FREE     FREE          FREE     FREE     FREE     FREE     FREE     FREE     FREE          FREE     SAWE     SAWE     FREE     FREE     FREE     FREE          FREE     FREE     FREE     FREE     FREE     FREE     FREE          FREE     FREE     FREE     FREE     FREE     FREE     FREE          FREE     FREE     FREE     FREE     FREE     FREE     FREE          FREE     TPWE     TPWE     FREE     FREE     FREE     FREE          FREE     FREE     FREE     FREE     FREE     FREE     FREE          FREE     TPWE     TPWE     FREE     FREE     FREE     FREE          FREE     FREE     FREE     FREE     FREE     FREE     FREE          FREE     FREE     FREE     FREE     FREE     FREE     FREE          FREE     FREE     FREE     FREE     FREE     FREE     FREE          FREE     FREE     FREE     FREE     FREE     FREE     FREE          FREE     FREE     FREE     FREE     FREE     FREE     FREE          FREE     FREE     FREE     FREE     FREE     FREE     FREE          FREE     FREE     FREE     FREE     FREE     FREE     FREE          FREE     SAWE     SAWE     FREE     FREE     FREE     FREE          FREE     FREE     FREE     FREE     FREE     FREE     FREE          FREE     FREE     FREE     FREE     FREE     FREE     FREE          FREE     TPWE     TPWE     FREE     FREE     FREE     FREE          FREE     FREE     FREE     FREE     FREE     FREE     FREE          FREE     FREE     FREE     FREE     FREE     FREE     FREE          FREE     FREE     FREE     FREE     FREE     FREE     FREE          FREE     FREE     FREE     FREE     FREE     FREE     FREE          FREE     FREE     FREE     FREE     FREE     FREE     FREE          FREE     FREE     FREE     FREE     FREE     FREE     FREE          

fitness score genetic: 559.0
]]></system-out>
  </testcase>
  <testcase name="weekFromDaysTest" classname="GeneticTests" time="3.141">
    <error message="[SQLITE_BUSY]  The database file is locked (database is locked)" type="org.sqlite.SQLiteException">org.sqlite.SQLiteException: [SQLITE_BUSY]  The database file is locked (database is locked)
	at GeneticTests.getInstanceData(GeneticTests.java:117)
	at GeneticTests.weekFromDaysTest(GeneticTests.java:100)
</error>
    <system-out><![CDATA[/Users/dennismaes/Library/Mobile Documents/com~apple~CloudDocs/School/2021-2022/Thesis/applicatie/scheduler/backend/demo.db
]]></system-out>
  </testcase>
  <testcase name="basicFitnessTest" classname="GeneticTests" time="3.128">
    <error message="[SQLITE_BUSY]  The database file is locked (database is locked)" type="org.sqlite.SQLiteException">org.sqlite.SQLiteException: [SQLITE_BUSY]  The database file is locked (database is locked)
	at GeneticTests.getInstanceData(GeneticTests.java:117)
	at GeneticTests.basicFitnessTest(GeneticTests.java:24)
</error>
    <system-out><![CDATA[/Users/dennismaes/Library/Mobile Documents/com~apple~CloudDocs/School/2021-2022/Thesis/applicatie/scheduler/backend/demo.db
]]></system-out>
  </testcase>
  <testcase name="crossoverTest1" classname="GeneticTests" time="3.149">
    <error message="[SQLITE_BUSY]  The database file is locked (database is locked)" type="org.sqlite.SQLiteException">org.sqlite.SQLiteException: [SQLITE_BUSY]  The database file is locked (database is locked)
	at GeneticTests.getInstanceData(GeneticTests.java:117)
	at GeneticTests.crossoverTest1(GeneticTests.java:63)
</error>
    <system-out><![CDATA[/Users/dennismaes/Library/Mobile Documents/com~apple~CloudDocs/School/2021-2022/Thesis/applicatie/scheduler/backend/demo.db
]]></system-out>
  </testcase>
</testsuite>