<?xml version="1.0" encoding="UTF-8"?>
<testsuite xmlns:xsi="http://www.w3.org/2001/XMLSchema-instance" xsi:noNamespaceSchemaLocation="https://maven.apache.org/surefire/maven-surefire-plugin/xsd/surefire-test-report.xsd" name="GeneratorTests" time="0.183" tests="1" errors="0" skipped="0" failures="0">
  <properties>
    <property name="java.specification.version" value="17"/>
    <property name="sun.jnu.encoding" value="UTF-8"/>
    <property name="java.class.path" value="/Users/dennismaes/Library/Mobile Documents/com~apple~CloudDocs/School/2021-2022/Thesis/applicatie/thesis/target/test-classes:/Users/dennismaes/Library/Mobile Documents/com~apple~CloudDocs/School/2021-2022/Thesis/applicatie/thesis/target/classes:/Users/dennismaes/.m2/repository/org/xerial/sqlite-jdbc/3.36.0/sqlite-jdbc-3.36.0.jar:/Users/dennismaes/.m2/repository/org/javatuples/javatuples/1.2/javatuples-1.2.jar:/Users/dennismaes/.m2/repository/org/junit/jupiter/junit-jupiter/5.8.2/junit-jupiter-5.8.2.jar:/Users/dennismaes/.m2/repository/org/junit/jupiter/junit-jupiter-api/5.8.2/junit-jupiter-api-5.8.2.jar:/Users/dennismaes/.m2/repository/org/opentest4j/opentest4j/1.2.0/opentest4j-1.2.0.jar:/Users/dennismaes/.m2/repository/org/junit/platform/junit-platform-commons/1.8.2/junit-platform-commons-1.8.2.jar:/Users/dennismaes/.m2/repository/org/apiguardian/apiguardian-api/1.1.2/apiguardian-api-1.1.2.jar:/Users/dennismaes/.m2/repository/org/junit/jupiter/junit-jupiter-params/5.8.2/junit-jupiter-params-5.8.2.jar:/Users/dennismaes/.m2/repository/org/junit/jupiter/junit-jupiter-engine/5.8.2/junit-jupiter-engine-5.8.2.jar:/Users/dennismaes/.m2/repository/org/junit/platform/junit-platform-engine/1.8.2/junit-platform-engine-1.8.2.jar:/Users/dennismaes/.m2/repository/org/apache/maven/doxia/doxia-core/1.4/doxia-core-1.4.jar:/Users/dennismaes/.m2/repository/org/apache/maven/doxia/doxia-sink-api/1.4/doxia-sink-api-1.4.jar:/Users/dennismaes/.m2/repository/org/apache/maven/doxia/doxia-logging-api/1.4/doxia-logging-api-1.4.jar:/Users/dennismaes/.m2/repository/org/codehaus/plexus/plexus-utils/3.0.10/plexus-utils-3.0.10.jar:/Users/dennismaes/.m2/repository/org/codehaus/plexus/plexus-container-default/1.0-alpha-30/plexus-container-default-1.0-alpha-30.jar:/Users/dennismaes/.m2/repository/org/codehaus/plexus/plexus-classworlds/1.2-alpha-9/plexus-classworlds-1.2-alpha-9.jar:/Users/dennismaes/.m2/repository/junit/junit/3.8.1/junit-3.8.1.jar:/Users/dennismaes/.m2/repository/org/codehaus/plexus/plexus-component-annotations/1.5.5/plexus-component-annotations-1.5.5.jar:/Users/dennismaes/.m2/repository/xerces/xercesImpl/2.9.1/xercesImpl-2.9.1.jar:/Users/dennismaes/.m2/repository/xml-apis/xml-apis/1.3.04/xml-apis-1.3.04.jar:/Users/dennismaes/.m2/repository/commons-lang/commons-lang/2.4/commons-lang-2.4.jar:/Users/dennismaes/.m2/repository/org/apache/httpcomponents/httpclient/4.0.2/httpclient-4.0.2.jar:/Users/dennismaes/.m2/repository/commons-codec/commons-codec/1.3/commons-codec-1.3.jar:/Users/dennismaes/.m2/repository/org/apache/httpcomponents/httpcore/4.0.1/httpcore-4.0.1.jar:/Users/dennismaes/.m2/repository/commons-cli/commons-cli/1.0/commons-cli-1.0.jar:/Users/dennismaes/.m2/repository/commons-logging/commons-logging/1.0/commons-logging-1.0.jar:"/>
    <property name="java.vm.vendor" value="Oracle Corporation"/>
    <property name="sun.arch.data.model" value="64"/>
    <property name="java.vendor.url" value="https://java.oracle.com/"/>
    <property name="os.name" value="Mac OS X"/>
    <property name="java.vm.specification.version" value="17"/>
    <property name="sun.java.launcher" value="SUN_STANDARD"/>
    <property name="user.country" value="BE"/>
    <property name="sun.boot.library.path" value="/Library/Java/JavaVirtualMachines/jdk-17.0.3.1.jdk/Contents/Home/lib"/>
    <property name="sun.java.command" value="/Users/dennismaes/Library/Mobile Documents/com~apple~CloudDocs/School/2021-2022/Thesis/applicatie/thesis/target/surefire/surefirebooter11056337692129112183.jar /Users/dennismaes/Library/Mobile Documents/com~apple~CloudDocs/School/2021-2022/Thesis/applicatie/thesis/target/surefire 2022-06-01T08-43-46_997-jvmRun1 surefire9671015907387369049tmp surefire_011135078290664023505tmp"/>
    <property name="http.nonProxyHosts" value="local|*.local|169.254/16|*.169.254/16"/>
    <property name="jdk.debug" value="release"/>
    <property name="surefire.test.class.path" value="/Users/dennismaes/Library/Mobile Documents/com~apple~CloudDocs/School/2021-2022/Thesis/applicatie/thesis/target/test-classes:/Users/dennismaes/Library/Mobile Documents/com~apple~CloudDocs/School/2021-2022/Thesis/applicatie/thesis/target/classes:/Users/dennismaes/.m2/repository/org/xerial/sqlite-jdbc/3.36.0/sqlite-jdbc-3.36.0.jar:/Users/dennismaes/.m2/repository/org/javatuples/javatuples/1.2/javatuples-1.2.jar:/Users/dennismaes/.m2/repository/org/junit/jupiter/junit-jupiter/5.8.2/junit-jupiter-5.8.2.jar:/Users/dennismaes/.m2/repository/org/junit/jupiter/junit-jupiter-api/5.8.2/junit-jupiter-api-5.8.2.jar:/Users/dennismaes/.m2/repository/org/opentest4j/opentest4j/1.2.0/opentest4j-1.2.0.jar:/Users/dennismaes/.m2/repository/org/junit/platform/junit-platform-commons/1.8.2/junit-platform-commons-1.8.2.jar:/Users/dennismaes/.m2/repository/org/apiguardian/apiguardian-api/1.1.2/apiguardian-api-1.1.2.jar:/Users/dennismaes/.m2/repository/org/junit/jupiter/junit-jupiter-params/5.8.2/junit-jupiter-params-5.8.2.jar:/Users/dennismaes/.m2/repository/org/junit/jupiter/junit-jupiter-engine/5.8.2/junit-jupiter-engine-5.8.2.jar:/Users/dennismaes/.m2/repository/org/junit/platform/junit-platform-engine/1.8.2/junit-platform-engine-1.8.2.jar:/Users/dennismaes/.m2/repository/org/apache/maven/doxia/doxia-core/1.4/doxia-core-1.4.jar:/Users/dennismaes/.m2/repository/org/apache/maven/doxia/doxia-sink-api/1.4/doxia-sink-api-1.4.jar:/Users/dennismaes/.m2/repository/org/apache/maven/doxia/doxia-logging-api/1.4/doxia-logging-api-1.4.jar:/Users/dennismaes/.m2/repository/org/codehaus/plexus/plexus-utils/3.0.10/plexus-utils-3.0.10.jar:/Users/dennismaes/.m2/repository/org/codehaus/plexus/plexus-container-default/1.0-alpha-30/plexus-container-default-1.0-alpha-30.jar:/Users/dennismaes/.m2/repository/org/codehaus/plexus/plexus-classworlds/1.2-alpha-9/plexus-classworlds-1.2-alpha-9.jar:/Users/dennismaes/.m2/repository/junit/junit/3.8.1/junit-3.8.1.jar:/Users/dennismaes/.m2/repository/org/codehaus/plexus/plexus-component-annotations/1.5.5/plexus-component-annotations-1.5.5.jar:/Users/dennismaes/.m2/repository/xerces/xercesImpl/2.9.1/xercesImpl-2.9.1.jar:/Users/dennismaes/.m2/repository/xml-apis/xml-apis/1.3.04/xml-apis-1.3.04.jar:/Users/dennismaes/.m2/repository/commons-lang/commons-lang/2.4/commons-lang-2.4.jar:/Users/dennismaes/.m2/repository/org/apache/httpcomponents/httpclient/4.0.2/httpclient-4.0.2.jar:/Users/dennismaes/.m2/repository/commons-codec/commons-codec/1.3/commons-codec-1.3.jar:/Users/dennismaes/.m2/repository/org/apache/httpcomponents/httpcore/4.0.1/httpcore-4.0.1.jar:/Users/dennismaes/.m2/repository/commons-cli/commons-cli/1.0/commons-cli-1.0.jar:/Users/dennismaes/.m2/repository/commons-logging/commons-logging/1.0/commons-logging-1.0.jar:"/>
    <property name="sun.cpu.endian" value="little"/>
    <property name="user.home" value="/Users/dennismaes"/>
    <property name="user.language" value="nl"/>
    <property name="java.specification.vendor" value="Oracle Corporation"/>
    <property name="java.version.date" value="2022-04-22"/>
    <property name="java.home" value="/Library/Java/JavaVirtualMachines/jdk-17.0.3.1.jdk/Contents/Home"/>
    <property name="file.separator" value="/"/>
    <property name="basedir" value="/Users/dennismaes/Library/Mobile Documents/com~apple~CloudDocs/School/2021-2022/Thesis/applicatie/thesis"/>
    <property name="java.vm.compressedOopsMode" value="Zero based"/>
    <property name="line.separator" value="&#10;"/>
    <property name="java.specification.name" value="Java Platform API Specification"/>
    <property name="java.vm.specification.vendor" value="Oracle Corporation"/>
    <property name="surefire.real.class.path" value="/Users/dennismaes/Library/Mobile Documents/com~apple~CloudDocs/School/2021-2022/Thesis/applicatie/thesis/target/surefire/surefirebooter11056337692129112183.jar"/>
    <property name="sun.management.compiler" value="HotSpot 64-Bit Tiered Compilers"/>
    <property name="ftp.nonProxyHosts" value="local|*.local|169.254/16|*.169.254/16"/>
    <property name="java.runtime.version" value="17.0.3.1+2-LTS-6"/>
    <property name="user.name" value="dennismaes"/>
    <property name="path.separator" value=":"/>
    <property name="os.version" value="12.1"/>
    <property name="java.runtime.name" value="Java(TM) SE Runtime Environment"/>
    <property name="file.encoding" value="UTF-8"/>
    <property name="java.vm.name" value="Java HotSpot(TM) 64-Bit Server VM"/>
    <property name="localRepository" value="/Users/dennismaes/.m2/repository"/>
    <property name="java.vendor.url.bug" value="https://bugreport.java.com/bugreport/"/>
    <property name="java.io.tmpdir" value="/var/folders/7c/q22tyq0j293f8dfrlyv58t840000gn/T/"/>
    <property name="java.version" value="17.0.3.1"/>
    <property name="user.dir" value="/Users/dennismaes/Library/Mobile Documents/com~apple~CloudDocs/School/2021-2022/Thesis/applicatie/thesis"/>
    <property name="os.arch" value="aarch64"/>
    <property name="java.vm.specification.name" value="Java Virtual Machine Specification"/>
    <property name="native.encoding" value="UTF-8"/>
    <property name="java.library.path" value="/Users/dennismaes/Library/Java/Extensions:/Library/Java/Extensions:/Network/Library/Java/Extensions:/System/Library/Java/Extensions:/usr/lib/java:."/>
    <property name="java.vm.info" value="mixed mode, sharing"/>
    <property name="java.vendor" value="Oracle Corporation"/>
    <property name="java.vm.version" value="17.0.3.1+2-LTS-6"/>
    <property name="sun.io.unicode.encoding" value="UnicodeBig"/>
    <property name="socksNonProxyHosts" value="local|*.local|169.254/16|*.169.254/16"/>
    <property name="java.class.version" value="61.0"/>
  </properties>
  <testcase name="testInstanceGenerator" classname="GeneratorTests" time="0.179"/>
</testsuite>