<?xml version="1.0" encoding="UTF-8"?>
<testsuite xmlns:xsi="http://www.w3.org/2001/XMLSchema-instance" xsi:noNamespaceSchemaLocation="https://maven.apache.org/surefire/maven-surefire-plugin/xsd/surefire-test-report.xsd" name="ScheduleDecoderTests" time="3.116" tests="1" errors="1" skipped="0" failures="0">
  <properties>
    <property name="java.specification.version" value="17"/>
    <property name="sun.jnu.encoding" value="UTF-8"/>
    <property name="java.class.path" value="/Users/dennismaes/Library/Mobile Documents/com~apple~CloudDocs/School/2021-2022/Thesis/applicatie/thesis/target/test-classes:/Users/dennismaes/Library/Mobile Documents/com~apple~CloudDocs/School/2021-2022/Thesis/applicatie/thesis/target/classes:/Users/dennismaes/.m2/repository/org/xerial/sqlite-jdbc/3.36.0/sqlite-jdbc-3.36.0.jar:/Users/dennismaes/.m2/repository/org/javatuples/javatuples/1.2/javatuples-1.2.jar:/Users/dennismaes/.m2/repository/org/junit/jupiter/junit-jupiter/5.8.2/junit-jupiter-5.8.2.jar:/Users/dennismaes/.m2/repository/org/junit/jupiter/junit-jupiter-api/5.8.2/junit-jupiter-api-5.8.2.jar:/Users/dennismaes/.m2/repository/org/opentest4j/opentest4j/1.2.0/opentest4j-1.2.0.jar:/Users/dennismaes/.m2/repository/org/junit/platform/junit-platform-commons/1.8.2/junit-platform-commons-1.8.2.jar:/Users/dennismaes/.m2/repository/org/apiguardian/apiguardian-api/1.1.2/apiguardian-api-1.1.2.jar:/Users/dennismaes/.m2/repository/org/junit/jupiter/junit-jupiter-params/5.8.2/junit-jupiter-params-5.8.2.jar:/Users/dennismaes/.m2/repository/org/junit/jupiter/junit-jupiter-engine/5.8.2/junit-jupiter-engine-5.8.2.jar:/Users/dennismaes/.m2/repository/org/junit/platform/junit-platform-engine/1.8.2/junit-platform-engine-1.8.2.jar:"/>
    <property name="java.vm.vendor" value="Oracle Corporation"/>
    <property name="sun.arch.data.model" value="64"/>
    <property name="java.vendor.url" value="https://java.oracle.com/"/>
    <property name="os.name" value="Mac OS X"/>
    <property name="java.vm.specification.version" value="17"/>
    <property name="sun.java.launcher" value="SUN_STANDARD"/>
    <property name="user.country" value="BE"/>
    <property name="sun.boot.library.path" value="/Users/dennismaes/Library/Java/JavaVirtualMachines/openjdk-17.0.1/Contents/Home/lib"/>
    <property name="sun.java.command" value="/Users/dennismaes/Library/Mobile Documents/com~apple~CloudDocs/School/2021-2022/Thesis/applicatie/thesis/target/surefire/surefirebooter17649533491898090456.jar /Users/dennismaes/Library/Mobile Documents/com~apple~CloudDocs/School/2021-2022/Thesis/applicatie/thesis/target/surefire 2022-02-23T15-51-06_251-jvmRun1 surefire9911309822190671717tmp surefire_011087686067231762604tmp"/>
    <property name="http.nonProxyHosts" value="local|*.local|169.254/16|*.169.254/16"/>
    <property name="jdk.debug" value="release"/>
    <property name="surefire.test.class.path" value="/Users/dennismaes/Library/Mobile Documents/com~apple~CloudDocs/School/2021-2022/Thesis/applicatie/thesis/target/test-classes:/Users/dennismaes/Library/Mobile Documents/com~apple~CloudDocs/School/2021-2022/Thesis/applicatie/thesis/target/classes:/Users/dennismaes/.m2/repository/org/xerial/sqlite-jdbc/3.36.0/sqlite-jdbc-3.36.0.jar:/Users/dennismaes/.m2/repository/org/javatuples/javatuples/1.2/javatuples-1.2.jar:/Users/dennismaes/.m2/repository/org/junit/jupiter/junit-jupiter/5.8.2/junit-jupiter-5.8.2.jar:/Users/dennismaes/.m2/repository/org/junit/jupiter/junit-jupiter-api/5.8.2/junit-jupiter-api-5.8.2.jar:/Users/dennismaes/.m2/repository/org/opentest4j/opentest4j/1.2.0/opentest4j-1.2.0.jar:/Users/dennismaes/.m2/repository/org/junit/platform/junit-platform-commons/1.8.2/junit-platform-commons-1.8.2.jar:/Users/dennismaes/.m2/repository/org/apiguardian/apiguardian-api/1.1.2/apiguardian-api-1.1.2.jar:/Users/dennismaes/.m2/repository/org/junit/jupiter/junit-jupiter-params/5.8.2/junit-jupiter-params-5.8.2.jar:/Users/dennismaes/.m2/repository/org/junit/jupiter/junit-jupiter-engine/5.8.2/junit-jupiter-engine-5.8.2.jar:/Users/dennismaes/.m2/repository/org/junit/platform/junit-platform-engine/1.8.2/junit-platform-engine-1.8.2.jar:"/>
    <property name="sun.cpu.endian" value="little"/>
    <property name="user.home" value="/Users/dennismaes"/>
    <property name="user.language" value="nl"/>
    <property name="java.specification.vendor" value="Oracle Corporation"/>
    <property name="java.version.date" value="2021-10-19"/>
    <property name="java.home" value="/Users/dennismaes/Library/Java/JavaVirtualMachines/openjdk-17.0.1/Contents/Home"/>
    <property name="file.separator" value="/"/>
    <property name="basedir" value="/Users/dennismaes/Library/Mobile Documents/com~apple~CloudDocs/School/2021-2022/Thesis/applicatie/thesis"/>
    <property name="java.vm.compressedOopsMode" value="Zero based"/>
    <property name="line.separator" value="&#10;"/>
    <property name="java.specification.name" value="Java Platform API Specification"/>
    <property name="java.vm.specification.vendor" value="Oracle Corporation"/>
    <property name="surefire.real.class.path" value="/Users/dennismaes/Library/Mobile Documents/com~apple~CloudDocs/School/2021-2022/Thesis/applicatie/thesis/target/surefire/surefirebooter17649533491898090456.jar"/>
    <property name="sun.management.compiler" value="HotSpot 64-Bit Tiered Compilers"/>
    <property name="ftp.nonProxyHosts" value="local|*.local|169.254/16|*.169.254/16"/>
    <property name="java.runtime.version" value="17.0.1+12-39"/>
    <property name="user.name" value="dennismaes"/>
    <property name="path.separator" value=":"/>
    <property name="os.version" value="12.0.1"/>
    <property name="java.runtime.name" value="OpenJDK Runtime Environment"/>
    <property name="file.encoding" value="UTF-8"/>
    <property name="java.vm.name" value="OpenJDK 64-Bit Server VM"/>
    <property name="localRepository" value="/Users/dennismaes/.m2/repository"/>
    <property name="java.vendor.url.bug" value="https://bugreport.java.com/bugreport/"/>
    <property name="java.io.tmpdir" value="/var/folders/5l/s_nz6y0j0rsgr5x2kwfxgbvr0000gn/T/"/>
    <property name="java.version" value="17.0.1"/>
    <property name="user.dir" value="/Users/dennismaes/Library/Mobile Documents/com~apple~CloudDocs/School/2021-2022/Thesis/applicatie/thesis"/>
    <property name="os.arch" value="x86_64"/>
    <property name="java.vm.specification.name" value="Java Virtual Machine Specification"/>
    <property name="native.encoding" value="UTF-8"/>
    <property name="java.library.path" value="/Users/dennismaes/Library/Java/Extensions:/Library/Java/Extensions:/Network/Library/Java/Extensions:/System/Library/Java/Extensions:/usr/lib/java:."/>
    <property name="java.vm.info" value="mixed mode, sharing"/>
    <property name="java.vendor" value="Oracle Corporation"/>
    <property name="java.vm.version" value="17.0.1+12-39"/>
    <property name="sun.io.unicode.encoding" value="UnicodeBig"/>
    <property name="socksNonProxyHosts" value="local|*.local|169.254/16|*.169.254/16"/>
    <property name="java.class.version" value="61.0"/>
  </properties>
  <testcase name="testDecoder1" classname="ScheduleDecoderTests" time="3.116">
    <error message="[SQLITE_BUSY]  The database file is locked (database is locked)" type="org.sqlite.SQLiteException">org.sqlite.SQLiteException: [SQLITE_BUSY]  The database file is locked (database is locked)
	at ScheduleDecoderTests.getInstanceData(ScheduleDecoderTests.java:48)
	at ScheduleDecoderTests.testDecoder1(ScheduleDecoderTests.java:19)
</error>
    <system-out><![CDATA[/Users/dennismaes/Library/Mobile Documents/com~apple~CloudDocs/School/2021-2022/Thesis/applicatie/scheduler/backend/demo.db
]]></system-out>
  </testcase>
</testsuite>